-----------------------------------------------------------------------------------------------------------------------------------------------------------------------
      name:  <unnamed>
       log:  C:\Users\grace.meloguerrero\Documents\GitHub\quaidsce\log\censor.log
  log type:  text
 opened on:   8 Nov 2021, 06:17:53

. quaidsce w1-w17, anot(10) prices(p1-p17) expenditure(total) nolog demographics(x1-x3) method(nls) 
(obs = 15,147)
Calculating NLS estimates...

Censored Quadratic AIDS model
--------------------
Number of obs          =      15147
Number of demographics =          3
Alpha_0                =         10
Log-likelihood         =  403951.72

------------------------------------------------------------------------------
             | Coefficient  Std. err.      z    P>|z|     [95% conf. interval]
-------------+----------------------------------------------------------------
alpha        |
     alpha_1 |   .0275135   .0120881     2.28   0.023     .0038213    .0512056
     alpha_2 |   .3075999   .0528815     5.82   0.000     .2039539    .4112458
     alpha_3 |   .0179169   .0082447     2.17   0.030     .0017575    .0340763
     alpha_4 |   .1201229   .0398513     3.01   0.003     .0420158      .19823
     alpha_5 |   .0104884   .0209536     0.50   0.617    -.0305799    .0515567
     alpha_6 |   .0164952   .0153893     1.07   0.284    -.0136672    .0466576
     alpha_7 |   .0653472   .0121805     5.36   0.000     .0414738    .0892206
     alpha_8 |    .072122   .0155953     4.62   0.000     .0415558    .1026882
     alpha_9 |   .0275719   .0134806     2.05   0.041     .0011503    .0539935
    alpha_10 |  -.1333712   .0308014    -4.33   0.000    -.1937409   -.0730015
    alpha_11 |   .0299449   .0107851     2.78   0.005     .0088065    .0510833
    alpha_12 |   .0373699   .0106972     3.49   0.000     .0164037     .058336
    alpha_13 |   .1832001   .0165492    11.07   0.000     .1507644    .2156359
    alpha_14 |   .0749086   .0108561     6.90   0.000      .053631    .0961861
    alpha_15 |  -.0330668   .0306184    -1.08   0.280    -.0930777    .0269441
    alpha_16 |   .0182703   .0100358     1.82   0.069    -.0013994      .03794
    alpha_17 |   .0048007   .0052436     0.92   0.360    -.0054766     .015078
-------------+----------------------------------------------------------------
beta         |
      beta_1 |  -.0006034    .003366    -0.18   0.858    -.0072006    .0059938
      beta_2 |   .0641959   .0105199     6.10   0.000     .0435773    .0848146
      beta_3 |  -.0141412    .003362    -4.21   0.000    -.0207307   -.0075518
      beta_4 |  -.0868481   .0112465    -7.72   0.000    -.1088907   -.0648054
      beta_5 |  -.0367467   .0049378    -7.44   0.000    -.0464246   -.0270688
      beta_6 |  -.0083148   .0048009    -1.73   0.083    -.0177244    .0010949
      beta_7 |  -.0107981   .0035118    -3.07   0.002    -.0176811   -.0039151
      beta_8 |  -.0141653   .0034326    -4.13   0.000     -.020893   -.0074376
      beta_9 |  -.0179454   .0040292    -4.45   0.000    -.0258426   -.0100483
     beta_10 |  -.0580118   .0087086    -6.66   0.000    -.0750803   -.0409432
     beta_11 |  -.0036604   .0035672    -1.03   0.305     -.010652    .0033312
     beta_12 |  -.0129118   .0042494    -3.04   0.002    -.0212404   -.0045831
     beta_13 |   .0147614   .0055125     2.68   0.007     .0039572    .0255656
     beta_14 |  -.0009149   .0039307    -0.23   0.816    -.0086188    .0067891
     beta_15 |   .0035349   .0069981     0.51   0.613    -.0101812    .0172509
     beta_16 |   -.001213   .0028294    -0.43   0.668    -.0067584    .0043324
     beta_17 |  -.0030905   .0021242    -1.45   0.146    -.0072539    .0010729
-------------+----------------------------------------------------------------
gamma        |
   gamma_1_1 |  -.0157734   .0032213    -4.90   0.000     -.022087   -.0094598
   gamma_2_1 |  -.0047592   .0051203    -0.93   0.353    -.0147949    .0052765
   gamma_3_1 |   .0018933   .0014226     1.33   0.183     -.000895    .0046816
   gamma_4_1 |   -.002888   .0047952    -0.60   0.547    -.0122865    .0065105
   gamma_5_1 |    .005989   .0032571     1.84   0.066    -.0003947    .0123728
   gamma_6_1 |    .003807   .0027921     1.36   0.173    -.0016655    .0092794
   gamma_7_1 |   .0010717   .0023093     0.46   0.643    -.0034543    .0055978
   gamma_8_1 |    .005164   .0029911     1.73   0.084    -.0006985    .0110265
   gamma_9_1 |    .000182   .0019199     0.09   0.924    -.0035809    .0039449
  gamma_10_1 |   .0072794   .0029179     2.49   0.013     .0015604    .0129985
  gamma_11_1 |   .0032016   .0017757     1.80   0.071    -.0002787    .0066819
  gamma_12_1 |   .0013885   .0011193     1.24   0.215    -.0008053    .0035823
  gamma_13_1 |   .0021021   .0019325     1.09   0.277    -.0016855    .0058898
  gamma_14_1 |  -.0040762   .0009455    -4.31   0.000    -.0059293   -.0022231
  gamma_15_1 |   .0039185   .0038423     1.02   0.308    -.0036123    .0114492
  gamma_16_1 |   -.007517   .0018859    -3.99   0.000    -.0112133   -.0038208
  gamma_17_1 |  -.0009832   .0006279    -1.57   0.117    -.0022139    .0002475
   gamma_2_2 |   .0256446   .0165346     1.55   0.121    -.0067627    .0580518
   gamma_3_2 |   .0052447   .0033962     1.54   0.123    -.0014118    .0119012
   gamma_4_2 |  -.0281911    .010934    -2.58   0.010    -.0496213   -.0067608
   gamma_5_2 |  -.0137969   .0077102    -1.79   0.074    -.0289086    .0013148
   gamma_6_2 |   .0382537   .0063402     6.03   0.000     .0258272    .0506802
   gamma_7_2 |   .0230683   .0052764     4.37   0.000     .0127269    .0334098
   gamma_8_2 |   .0275848    .007082     3.90   0.000     .0137043    .0414652
   gamma_9_2 |  -.0150545   .0042247    -3.56   0.000    -.0233346   -.0067743
  gamma_10_2 |  -.0511461   .0064203    -7.97   0.000    -.0637297   -.0385625
  gamma_11_2 |  -.0172758    .003842    -4.50   0.000     -.024806   -.0097457
  gamma_12_2 |  -.0019281   .0023609    -0.82   0.414    -.0065554    .0026993
  gamma_13_2 |   .0115144   .0041514     2.77   0.006     .0033778    .0196509
  gamma_14_2 |  -.0021318   .0020929    -1.02   0.308    -.0062339    .0019703
  gamma_15_2 |   .0178105   .0085061     2.09   0.036     .0011389    .0344822
  gamma_16_2 |  -.0099822   .0039645    -2.52   0.012    -.0177525    -.002212
  gamma_17_2 |  -.0048554    .001419    -3.42   0.001    -.0076365   -.0020742
   gamma_3_3 |  -.0048241   .0012969    -3.72   0.000    -.0073659   -.0022822
   gamma_4_3 |   .0034376   .0032495     1.06   0.290    -.0029313    .0098066
   gamma_5_3 |   .0006597   .0020596     0.32   0.749    -.0033771    .0046965
   gamma_6_3 |  -.0012521   .0018105    -0.69   0.489    -.0048007    .0022965
   gamma_7_3 |    -.00221   .0014692    -1.50   0.133    -.0050896    .0006697
   gamma_8_3 |  -.0030593   .0018442    -1.66   0.097    -.0066738    .0005551
   gamma_9_3 |   .0000721   .0012028     0.06   0.952    -.0022854    .0024296
  gamma_10_3 |   .0046872    .002015     2.33   0.020      .000738    .0086365
  gamma_11_3 |  -.0002978   .0012077    -0.25   0.805    -.0026648    .0020693
  gamma_12_3 |   .0007402   .0007263     1.02   0.308    -.0006834    .0021638
  gamma_13_3 |  -.0025806   .0012486    -2.07   0.039    -.0050277   -.0001334
  gamma_14_3 |  -.0007377   .0006161    -1.20   0.231    -.0019451    .0004698
  gamma_15_3 |   -.003465   .0023903    -1.45   0.147    -.0081498    .0012198
  gamma_16_3 |   .0010117   .0011366     0.89   0.373    -.0012159    .0032393
  gamma_17_3 |   .0006799   .0004339     1.57   0.117    -.0001706    .0015304
   gamma_4_4 |   .0668601   .0144043     4.64   0.000     .0386283     .095092
   gamma_5_4 |  -.0341685   .0066534    -5.14   0.000     -.047209    -.021128
   gamma_6_4 |   .0066638   .0058701     1.14   0.256    -.0048413    .0181689
   gamma_7_4 |  -.0114964   .0049131    -2.34   0.019    -.0211259   -.0018669
   gamma_8_4 |  -.0152667   .0059722    -2.56   0.011     -.026972   -.0035613
   gamma_9_4 |  -.0054853    .004429    -1.24   0.216    -.0141659    .0031954
  gamma_10_4 |   .0085344   .0066311     1.29   0.198    -.0044623     .021531
  gamma_11_4 |  -.0087152   .0038443    -2.27   0.023    -.0162498   -.0011805
  gamma_12_4 |   .0122158   .0027028     4.52   0.000     .0069185    .0175132
  gamma_13_4 |    .010992   .0046349     2.37   0.018     .0019077    .0200763
  gamma_14_4 |   .0064277   .0024476     2.63   0.009     .0016305    .0112249
  gamma_15_4 |   .0001886   .0081849     0.02   0.982    -.0158534    .0162307
  gamma_16_4 |  -.0055042   .0038733    -1.42   0.155    -.0130957    .0020872
  gamma_17_4 |  -.0036048   .0015595    -2.31   0.021    -.0066612   -.0005483
   gamma_5_5 |  -.0160716   .0068846    -2.33   0.020    -.0295651    -.002578
   gamma_6_5 |  -.0041181   .0040195    -1.02   0.306    -.0119962    .0037599
   gamma_7_5 |  -.0061224   .0034903    -1.75   0.079    -.0129633    .0007184
   gamma_8_5 |   .0059646   .0046219     1.29   0.197    -.0030941    .0150234
   gamma_9_5 |   .0104831   .0025318     4.14   0.000     .0055209    .0154453
  gamma_10_5 |   .0307997   .0039361     7.82   0.000     .0230851    .0385143
  gamma_11_5 |   .0117426   .0024085     4.88   0.000      .007022    .0164632
  gamma_12_5 |   .0072397   .0014732     4.91   0.000     .0043524    .0101271
  gamma_13_5 |  -.0021912   .0024836    -0.88   0.378     -.007059    .0026766
  gamma_14_5 |  -.0015582   .0012199    -1.28   0.201    -.0039491    .0008328
  gamma_15_5 |   .0004163   .0054519     0.08   0.939    -.0102693    .0111019
  gamma_16_5 |   .0045917   .0025045     1.83   0.067     -.000317    .0095003
  gamma_17_5 |   .0001405   .0008269     0.17   0.865    -.0014801    .0017612
   gamma_6_6 |  -.0312656   .0047892    -6.53   0.000    -.0406523    -.021879
   gamma_7_6 |   -.001651   .0029631    -0.56   0.577    -.0074586    .0041566
   gamma_8_6 |  -.0104788   .0037372    -2.80   0.005    -.0178036   -.0031539
   gamma_9_6 |  -.0072284    .002425    -2.98   0.003    -.0119814   -.0024755
  gamma_10_6 |   .0138929   .0035747     3.89   0.000     .0068867    .0208991
  gamma_11_6 |  -.0027126   .0021753    -1.25   0.212    -.0069761    .0015509
  gamma_12_6 |   .0021994   .0013487     1.63   0.103     -.000444    .0048427
  gamma_13_6 |  -.0029762   .0024174    -1.23   0.218    -.0077142    .0017618
  gamma_14_6 |    -.00173   .0011527    -1.50   0.133    -.0039893    .0005293
  gamma_15_6 |  -.0028615   .0047152    -0.61   0.544    -.0121031      .00638
  gamma_16_6 |   .0014984   .0022063     0.68   0.497    -.0028258    .0058226
  gamma_17_6 |  -.0000408   .0007707    -0.05   0.958    -.0015514    .0014699
   gamma_7_7 |   -.008444   .0034155    -2.47   0.013    -.0151382   -.0017498
   gamma_8_7 |  -.0098685   .0033118    -2.98   0.003    -.0163594   -.0033776
   gamma_9_7 |   .0001246   .0017999     0.07   0.945    -.0034031    .0036523
  gamma_10_7 |   .0129326   .0030495     4.24   0.000     .0069558    .0189095
  gamma_11_7 |   .0019743    .001894     1.04   0.297    -.0017378    .0056864
  gamma_12_7 |   .0001762   .0010185     0.17   0.863      -.00182    .0021725
  gamma_13_7 |    -.00344   .0018075    -1.90   0.057    -.0069827    .0001028
  gamma_14_7 |  -.0006215   .0008715    -0.71   0.476    -.0023297    .0010866
  gamma_15_7 |   .0021183   .0038752     0.55   0.585    -.0054769    .0097136
  gamma_16_7 |   .0014843   .0018056     0.82   0.411    -.0020546    .0050232
  gamma_17_7 |   .0009033   .0006126     1.47   0.140    -.0002974    .0021039
   gamma_8_8 |  -.0208901   .0062242    -3.36   0.001    -.0330892   -.0086909
   gamma_9_8 |  -.0002174   .0022509    -0.10   0.923    -.0046291    .0041942
  gamma_10_8 |    .020725   .0035277     5.87   0.000     .0138109    .0276392
  gamma_11_8 |   .0047016   .0021882     2.15   0.032     .0004129    .0089903
  gamma_12_8 |   .0006584   .0012327     0.53   0.593    -.0017576    .0030744
  gamma_13_8 |  -.0091117   .0021996    -4.14   0.000    -.0134229   -.0048006
  gamma_14_8 |    .000675   .0010848     0.62   0.534    -.0014513    .0028013
  gamma_15_8 |  -.0032867    .004886    -0.67   0.501    -.0128631    .0062896
  gamma_16_8 |   .0042031   .0022848     1.84   0.066     -.000275    .0086811
  gamma_17_8 |   .0025028   .0007137     3.51   0.000      .001104    .0039016
   gamma_9_9 |   .0136465   .0027985     4.88   0.000     .0081616    .0191314
  gamma_10_9 |  -.0080639   .0031709    -2.54   0.011    -.0142787   -.0018491
  gamma_11_9 |    .000546   .0016104     0.34   0.735    -.0026103    .0037023
  gamma_12_9 |  -.0061268   .0012479    -4.91   0.000    -.0085727    -.003681
  gamma_13_9 |   .0033494   .0021213     1.58   0.114    -.0008082     .007507
  gamma_14_9 |   .0050591   .0011439     4.42   0.000     .0028171     .007301
  gamma_15_9 |    .003238    .003378     0.96   0.338    -.0033827    .0098588
  gamma_16_9 |   .0042183   .0016086     2.62   0.009     .0010656     .007371
  gamma_17_9 |   .0012572    .000711     1.77   0.077    -.0001362    .0026506
 gamma_10_10 |  -.0694234   .0060748   -11.43   0.000    -.0813297    -.057517
 gamma_11_10 |   .0096836   .0024927     3.88   0.000      .004798    .0145691
 gamma_12_10 |  -.0000809   .0018723    -0.04   0.966    -.0037506    .0035888
 gamma_13_10 |   .0175867   .0031939     5.51   0.000     .0113267    .0238466
 gamma_14_10 |   .0002352   .0016447     0.14   0.886    -.0029885    .0034588
 gamma_15_10 |  -.0062251   .0051479    -1.21   0.227    -.0163148    .0038646
 gamma_16_10 |   .0065291    .002377     2.75   0.006     .0018702    .0111879
 gamma_17_10 |   .0020535   .0010276     2.00   0.046     .0000395    .0040675
 gamma_11_11 |  -.0004508   .0020766    -0.22   0.828     -.004521    .0036193
 gamma_12_11 |   .0016809   .0009951     1.69   0.091    -.0002695    .0036313
 gamma_13_11 |  -.0004407   .0017419    -0.25   0.800    -.0038549    .0029734
 gamma_14_11 |  -.0011637    .000859    -1.35   0.176    -.0028473      .00052
 gamma_15_11 |  -.0079005   .0030182    -2.62   0.009    -.0138161   -.0019848
 gamma_16_11 |   .0041293   .0014384     2.87   0.004       .00131    .0069486
 gamma_17_11 |   .0012973    .000557     2.33   0.020     .0002056     .002389
 gamma_12_12 |  -.0054089   .0013512    -4.00   0.000    -.0080572   -.0027605
 gamma_13_12 |  -.0013909   .0015497    -0.90   0.369    -.0044283    .0016464
 gamma_14_12 |  -.0021469   .0008995    -2.39   0.017    -.0039098    -.000384
 gamma_15_12 |  -.0134172   .0019424    -6.91   0.000    -.0172242   -.0096101
 gamma_16_12 |    .002943   .0009299     3.16   0.002     .0011204    .0047655
 gamma_17_12 |   .0012575    .000541     2.32   0.020     .0001971    .0023179
 gamma_13_13 |   -.027079   .0034648    -7.82   0.000    -.0338699   -.0202881
 gamma_14_13 |  -.0030551   .0013486    -2.27   0.023    -.0056984   -.0004118
 gamma_15_13 |   .0030438   .0033673     0.90   0.366    -.0035561    .0096436
 gamma_16_13 |   .0018143   .0016012     1.13   0.257     -.001324    .0049527
 gamma_17_13 |   .0018628   .0008496     2.19   0.028     .0001975     .003528
 gamma_14_14 |  -.0052327   .0012005    -4.36   0.000    -.0075857   -.0028797
 gamma_15_14 |     .01447   .0017761     8.15   0.000      .010989    .0179511
 gamma_16_14 |  -.0032991   .0007915    -4.17   0.000    -.0048505   -.0017477
 gamma_17_14 |  -.0011141   .0004597    -2.42   0.015    -.0020151   -.0002132
 gamma_15_15 |  -.0096225   .0091191    -1.06   0.291    -.0274956    .0082505
 gamma_16_15 |    .000429   .0030552     0.14   0.888    -.0055591    .0064171
 gamma_17_15 |   .0011455   .0010967     1.04   0.296     -.001004     .003295
 gamma_16_16 |  -.0053985   .0020393    -2.65   0.008    -.0093956   -.0014015
 gamma_17_16 |  -.0011509    .000534    -2.16   0.031    -.0021976   -.0001042
 gamma_17_17 |  -.0013511   .0003961    -3.41   0.001    -.0021274   -.0005748
-------------+----------------------------------------------------------------
lambda       |
    lambda_1 |   -.000065   .0000829    -0.78   0.433    -.0002274    .0000975
    lambda_2 |   .0041123   .0005494     7.48   0.000     .0030354    .0051891
    lambda_3 |  -.0002464   .0000623    -3.95   0.000    -.0003686   -.0001243
    lambda_4 |  -.0039207   .0004506    -8.70   0.000     -.004804   -.0030375
    lambda_5 |  -.0015835   .0002434    -6.50   0.000    -.0020607   -.0011064
    lambda_6 |  -.0003632   .0000999    -3.64   0.000     -.000559   -.0001674
    lambda_7 |  -.0001725    .000071    -2.43   0.015    -.0003116   -.0000334
    lambda_8 |  -.0005825   .0001162    -5.01   0.000    -.0008103   -.0003548
    lambda_9 |   -.000363   .0001218    -2.98   0.003    -.0006018   -.0001241
   lambda_10 |  -.0015864   .0003146    -5.04   0.000    -.0022031   -.0009697
   lambda_11 |   .0000133   .0000723     0.18   0.854    -.0001285     .000155
   lambda_12 |   .0004176   .0001166     3.58   0.000     .0001891    .0006462
   lambda_13 |   .0010488   .0002073     5.06   0.000     .0006425    .0014552
   lambda_14 |   .0007241   .0001287     5.63   0.000     .0004718    .0009763
   lambda_15 |  -.0002933   .0002532    -1.16   0.247    -.0007896     .000203
   lambda_16 |  -.0001578   .0000725    -2.18   0.030       -.0003   -.0000157
   lambda_17 |  -.0000566   .0000437    -1.30   0.195    -.0001423     .000029
-------------+----------------------------------------------------------------
delta        |
     delta_1 |  -.0084398   .0211036    -0.40   0.689     -.049802    .0329225
     delta_2 |  -1.083112   .1147196    -9.44   0.000    -1.307958   -.8582657
     delta_3 |  -.0627045    .013493    -4.65   0.000    -.0891503   -.0362588
     delta_4 |   .4563551   .0722167     6.32   0.000     .3148129    .5978973
     delta_5 |   .2894128   .0371403     7.79   0.000     .2166192    .3622064
     delta_6 |   .0378088   .0274777     1.38   0.169    -.0160466    .0916642
     delta_7 |   -.032547   .0201761    -1.61   0.107    -.0720913    .0069974
     delta_8 |     .10102    .023008     4.39   0.000     .0559252    .1461148
     delta_9 |     .05124   .0304883     1.68   0.093     -.008516     .110996
    delta_10 |   .1484066   .0644217     2.30   0.021     .0221424    .2746709
    delta_11 |  -.0451572   .0161326    -2.80   0.005    -.0767765   -.0135379
    delta_12 |  -.2467725   .0145762   -16.93   0.000    -.2753413   -.2182037
    delta_13 |  -.2502289   .0274617    -9.11   0.000    -.3040528    -.196405
    delta_14 |   -.221324   .0154722   -14.30   0.000     -.251649   -.1909991
    delta_15 |   .5701187   .0681893     8.36   0.000     .4364702    .7037672
    delta_16 |   .0526451   .0187363     2.81   0.005     .0159225    .0893676
    delta_17 |   .0013076   .0098198     0.13   0.894    -.0179387     .020554
-------------+----------------------------------------------------------------
eta          |
    eta_x1_1 |  -.0008676   .0004004    -2.17   0.030    -.0016524   -.0000829
    eta_x1_2 |   .0000653   .0011445     0.06   0.955    -.0021779    .0023084
    eta_x1_3 |  -.0011983   .0002584    -4.64   0.000    -.0017048   -.0006918
    eta_x1_4 |   .0106993   .0014409     7.43   0.000     .0078752    .0135233
    eta_x1_5 |  -.0016237   .0005359    -3.03   0.002    -.0026741   -.0005733
    eta_x1_6 |  -.0002286   .0004787    -0.48   0.633    -.0011669    .0007096
    eta_x1_7 |  -.0013655   .0003571    -3.82   0.000    -.0020653   -.0006657
    eta_x1_8 |   .0008396   .0004573     1.84   0.066    -.0000567    .0017358
    eta_x1_9 |   .0024011   .0005848     4.11   0.000      .001255    .0035472
   eta_x1_10 |   .0051235   .0008386     6.11   0.000     .0034798    .0067672
   eta_x1_11 |   8.42e-06   .0004028     0.02   0.983     -.000781    .0007978
   eta_x1_12 |  -.0013194   .0005186    -2.54   0.011    -.0023359   -.0003029
   eta_x1_13 |  -.0035687   .0006668    -5.35   0.000    -.0048756   -.0022619
   eta_x1_14 |  -.0026325   .0005506    -4.78   0.000    -.0037117   -.0015533
   eta_x1_15 |   -.010443     .00087   -12.00   0.000    -.0121482   -.0087377
   eta_x1_16 |   .0027411    .000433     6.33   0.000     .0018924    .0035897
   eta_x1_17 |   .0013692    .000282     4.85   0.000     .0008164    .0019219
    eta_x2_1 |   .0000117   .0001275     0.09   0.927    -.0002381    .0002616
    eta_x2_2 |  -.0098731   .0004514   -21.87   0.000    -.0107577   -.0089884
    eta_x2_3 |  -.0001939   .0000702    -2.76   0.006    -.0003314   -.0000564
    eta_x2_4 |   .0048015   .0004253    11.29   0.000     .0039679     .005635
    eta_x2_5 |   .0011139   .0001602     6.95   0.000     .0007999    .0014279
    eta_x2_6 |    .000041   .0001498     0.27   0.785    -.0002526    .0003345
    eta_x2_7 |   1.34e-06   .0001016     0.01   0.989    -.0001978    .0002005
    eta_x2_8 |   .0014837   .0001636     9.07   0.000      .001163    .0018044
    eta_x2_9 |   .0019383   .0002265     8.56   0.000     .0014943    .0023823
   eta_x2_10 |    .002672   .0002911     9.18   0.000     .0021013    .0032426
   eta_x2_11 |   .0010616   .0001356     7.83   0.000     .0007959    .0013273
   eta_x2_12 |   .0003091   .0001432     2.16   0.031     .0000285    .0005898
   eta_x2_13 |  -.0004189   .0001769    -2.37   0.018    -.0007655   -.0000722
   eta_x2_14 |  -.0003086   .0001649    -1.87   0.061    -.0006319    .0000146
   eta_x2_15 |  -.0042582   .0003218   -13.23   0.000    -.0048889   -.0036276
   eta_x2_16 |    .001166   .0001186     9.83   0.000     .0009335    .0013986
   eta_x2_17 |   .0004526   .0000762     5.94   0.000     .0003033    .0006019
    eta_x3_1 |   .0010097   .0003065     3.29   0.001     .0004089    .0016105
    eta_x3_2 |    .000178   .0014043     0.13   0.899    -.0025744    .0029304
    eta_x3_3 |   .0004467   .0001943     2.30   0.021     .0000659    .0008275
    eta_x3_4 |  -.0022346   .0012834    -1.74   0.082    -.0047501    .0002809
    eta_x3_5 |  -.0004979   .0004905    -1.01   0.310    -.0014594    .0004636
    eta_x3_6 |   .0006012   .0003661     1.64   0.101    -.0001163    .0013187
    eta_x3_7 |   .0006718   .0002716     2.47   0.013     .0001395     .001204
    eta_x3_8 |  -.0011434    .000361    -3.17   0.002    -.0018508   -.0004359
    eta_x3_9 |  -.0007499   .0003792    -1.98   0.048    -.0014931   -6.77e-06
   eta_x3_10 |   .0011274   .0005544     2.03   0.042     .0000407    .0022141
   eta_x3_11 |  -.0003614   .0002698    -1.34   0.180    -.0008902    .0001674
   eta_x3_12 |  -.0000972   .0004533    -0.21   0.830    -.0009857    .0007913
   eta_x3_13 |   .0002379   .0005209     0.46   0.648    -.0007831    .0012589
   eta_x3_14 |   .0004569    .000472     0.97   0.333    -.0004682     .001382
   eta_x3_15 |   .0010605   .0005185     2.05   0.041     .0000442    .0020768
   eta_x3_16 |  -.0007045   .0002689    -2.62   0.009    -.0012316   -.0001774
   eta_x3_17 |  -1.25e-06    .000175    -0.01   0.994    -.0003443    .0003418
-------------+----------------------------------------------------------------
rho          |
      rho_x1 |  -.1361293    .018038    -7.55   0.000    -.1714831   -.1007755
      rho_x2 |  -.0624456   .0040502   -15.42   0.000    -.0703838   -.0545075
      rho_x3 |   .0417238   .0371002     1.12   0.261    -.0309913    .1144388
-------------+----------------------------------------------------------------
tau          |
        p1_1 |   .0065588   .0728586     0.09   0.928    -.1362415     .149359
        p2_1 |   .1671108    .189558     0.88   0.378    -.2044161    .5386376
        p3_1 |  -.0024239   .0445355    -0.05   0.957    -.0897118     .084864
        p4_1 |  -.2837735   .1409375    -2.01   0.044    -.5600059   -.0075411
        p5_1 |  -.2887098   .1283985    -2.25   0.025    -.5403661   -.0370534
        p6_1 |   .2706009   .0993142     2.72   0.006     .0759485    .4652532
        p7_1 |  -.1485017   .0883461    -1.68   0.093    -.3216568    .0246534
        p8_1 |   .2150381   .1380786     1.56   0.119     -.055591    .4856671
        p9_1 |    .007678   .0522946     0.15   0.883    -.0948174    .1101735
       p10_1 |   .0484396   .0794288     0.61   0.542    -.1072379    .2041172
       p11_1 |   -.002812   .0494177    -0.06   0.955    -.0996689     .094045
       p12_1 |   .0432075   .0256671     1.68   0.092     -.007099     .093514
       p13_1 |  -.0308192   .0475959    -0.65   0.517    -.1241055     .062467
       p14_1 |  -.0640128   .0218082    -2.94   0.003    -.1067562   -.0212694
       p15_1 |  -.0893936   .1204092    -0.74   0.458    -.3253913    .1466041
       p16_1 |  -.2658276   .0542495    -4.90   0.000    -.3721545   -.1595006
       p17_1 |   .0065137   .0151409     0.43   0.667    -.0231619    .0361894
         M_1 |   .8317057   .0172992    48.08   0.000        .7978    .8656115
        x1_1 |   .0799723   .0361696     2.21   0.027     .0090813    .1508634
        x2_1 |  -.0281497   .0089023    -3.16   0.002    -.0455979   -.0107015
        x3_1 |  -.1664793   .0267745    -6.22   0.000    -.2189563   -.1140022
      cons_1 |  -5.832811   1.464323    -3.98   0.000    -8.702833    -2.96279
        p1_2 |   .1278065   .1453657     0.88   0.379    -.1571051    .4127181
        p2_2 |  -1.251582   .3375576    -3.71   0.000    -1.913183    -.589981
        p3_2 |   .1682001   .0908714     1.85   0.064    -.0099045    .3463047
        p4_2 |  -1.136771   .2674197    -4.25   0.000    -1.660904   -.6126383
        p5_2 |   .0810305   .2550886     0.32   0.751    -.4189339    .5809948
        p6_2 |  -.2810045    .196943    -1.43   0.154    -.6670056    .1049966
        p7_2 |   .1659223   .1815587     0.91   0.361    -.1899262    .5217707
        p8_2 |  -.1454343    .267977    -0.54   0.587    -.6706595    .3797909
        p9_2 |   -.014556   .0956957    -0.15   0.879    -.2021161    .1730041
       p10_2 |  -.2301731   .1576513    -1.46   0.144     -.539164    .0788177
       p11_2 |  -.0138702   .1018787    -0.14   0.892    -.2135488    .1858085
       p12_2 |  -.0051572   .0557078    -0.09   0.926    -.1143424     .104028
       p13_2 |  -.0663187    .100698    -0.66   0.510     -.263683    .1310457
       p14_2 |  -.0258566   .0434505    -0.60   0.552    -.1110181    .0593049
       p15_2 |  -.3456113   .2215138    -1.56   0.119    -.7797703    .0885478
       p16_2 |  -.1048182   .1118125    -0.94   0.349    -.3239666    .1143303
       p17_2 |   .0356522   .0299967     1.19   0.235    -.0231403    .0944447
         M_2 |   .5057432   .0223601    22.62   0.000     .4619183    .5495681
        x1_2 |  -.1092675   .0637274    -1.71   0.086    -.2341708    .0156359
        x2_2 |   .0510004   .0202829     2.51   0.012     .0112467    .0907542
        x3_2 |  -.0573328   .0581084    -0.99   0.324    -.1712231    .0565576
      cons_2 |   18.45874   2.721662     6.78   0.000     13.12438    23.79309
        p1_3 |  -.0811791   .0747577    -1.09   0.278    -.2277014    .0653433
        p2_3 |   .7158278   .1909817     3.75   0.000     .3415105    1.090145
        p3_3 |    .001204    .047341     0.03   0.980    -.0915826    .0939906
        p4_3 |  -.4839404   .1454649    -3.33   0.001    -.7690464   -.1988345
        p5_3 |  -.2268802   .1343658    -1.69   0.091    -.4902324     .036472
        p6_3 |  -.0643584   .1027323    -0.63   0.531    -.2657101    .1369933
        p7_3 |  -.0358201   .0917205    -0.39   0.696    -.2155889    .1439488
        p8_3 |   .2253001   .1419937     1.59   0.113    -.0530023    .5036025
        p9_3 |  -.0506411   .0500805    -1.01   0.312    -.1487972    .0475149
       p10_3 |   .3973824    .080848     4.92   0.000     .2389232    .5558415
       p11_3 |   .2405783   .0520514     4.62   0.000     .1385593    .3425972
       p12_3 |   .0400342    .026624     1.50   0.133    -.0121478    .0922162
       p13_3 |  -.0169775    .050168    -0.34   0.735     -.115305      .08135
       p14_3 |  -.0170115   .0228466    -0.74   0.457      -.06179     .027767
       p15_3 |   .2737618   .1230309     2.23   0.026     .0326257    .5148979
       p16_3 |  -.0343691   .0563661    -0.61   0.542    -.1448447    .0761064
       p17_3 |   .0605885   .0155426     3.90   0.000     .0301255    .0910516
         M_3 |   .6040061   .0185992    32.47   0.000     .5675523    .6404599
        x1_3 |   .1709451   .0357065     4.79   0.000     .1009616    .2409286
        x2_3 |   .0472739   .0088058     5.37   0.000     .0300148     .064533
        x3_3 |  -.0278252   .0266942    -1.04   0.297     -.080145    .0244945
      cons_3 |  -14.22336   1.495175    -9.51   0.000    -17.15385   -11.29287
        p1_4 |   -.089867   .1034043    -0.87   0.385    -.2925356    .1128017
        p2_4 |  -.8187382   .2611939    -3.13   0.002    -1.330669   -.3068076
        p3_4 |   .0119164    .064233     0.19   0.853    -.1139779    .1378106
        p4_4 |    -.37427   .1972652    -1.90   0.058    -.7609026    .0123626
        p5_4 |   -.183319   .1831007    -1.00   0.317    -.5421898    .1755517
        p6_4 |   .3128694   .1426888     2.19   0.028     .0332045    .5925343
        p7_4 |   .1365784   .1283641     1.06   0.287    -.1150106    .3881675
        p8_4 |  -.1222447    .193921    -0.63   0.528    -.5023228    .2578334
        p9_4 |  -.0576367   .0713915    -0.81   0.419    -.1975615     .082288
       p10_4 |  -.2728654   .1123787    -2.43   0.015    -.4931236   -.0526072
       p11_4 |  -.0264909   .0715547    -0.37   0.711    -.1667355    .1137538
       p12_4 |   .0119373   .0381114     0.31   0.754    -.0627597    .0866343
       p13_4 |  -.0151477   .0678564    -0.22   0.823    -.1481439    .1178484
       p14_4 |  -.0173822   .0309587    -0.56   0.574    -.0780601    .0432958
       p15_4 |  -.1234824   .1693278    -0.73   0.466    -.4553588    .2083939
       p16_4 |  -.0756501   .0780996    -0.97   0.333    -.2287225    .0774223
       p17_4 |   .0188117   .0216016     0.87   0.384    -.0235266      .06115
         M_4 |   1.004151     .02254    44.55   0.000     .9599736    1.048329
        x1_4 |  -.1045472   .0472079    -2.21   0.027    -.1970731   -.0120214
        x2_4 |  -.0650916   .0133524    -4.87   0.000    -.0912619   -.0389213
        x3_4 |  -.0699434   .0410646    -1.70   0.089    -.1504286    .0105418
      cons_4 |   2.775176   2.037443     1.36   0.173     -1.21814    6.768492
        p1_5 |  -.0045685   .0870498    -0.05   0.958     -.175183     .166046
        p2_5 |  -.5863904   .2227735    -2.63   0.008    -1.023019   -.1497624
        p3_5 |  -.0008787   .0533122    -0.02   0.987    -.1053686    .1036112
        p4_5 |  -.5331747   .1681918    -3.17   0.002    -.8628245   -.2035249
        p5_5 |  -.2367373   .1516647    -1.56   0.119    -.5339946      .06052
        p6_5 |   .1329531   .1191888     1.12   0.265    -.1006527    .3665589
        p7_5 |  -.0197671   .1059423    -0.19   0.852    -.2274102     .187876
        p8_5 |  -.0280227    .163012    -0.17   0.864    -.3475204    .2914749
        p9_5 |   .0755501   .0648269     1.17   0.244    -.0515083    .2026085
       p10_5 |    .126512   .0954165     1.33   0.185    -.0605009    .3135249
       p11_5 |   .0037203   .0588646     0.06   0.950    -.1116523    .1190928
       p12_5 |   .0759364   .0310378     2.45   0.014     .0151034    .1367694
       p13_5 |  -.0409527   .0567987    -0.72   0.471    -.1522762    .0703708
       p14_5 |  -.0483182   .0258527    -1.87   0.062    -.0989886    .0023522
       p15_5 |  -.2423263   .1423789    -1.70   0.089    -.5213839    .0367313
       p16_5 |  -.0196322    .065107    -0.30   0.763    -.1472395     .107975
       p17_5 |   .0198241   .0179565     1.10   0.270    -.0153701    .0550183
         M_5 |   .8424687   .0188898    44.60   0.000     .8054453     .879492
        x1_5 |   .1850661    .045322     4.08   0.000     .0962366    .2738956
        x2_5 |   .0104376   .0111015     0.94   0.347     -.011321    .0321962
        x3_5 |    -.03673   .0335504    -1.09   0.274    -.1024875    .0290275
      cons_5 |   1.471488   1.722119     0.85   0.393    -1.903804     4.84678
        p1_6 |  -.1294308   .0706025    -1.83   0.067    -.2678092    .0089475
        p2_6 |   .3622767   .1832536     1.98   0.048     .0031063    .7214471
        p3_6 |   -.042514   .0430467    -0.99   0.323    -.1268839    .0418559
        p4_6 |  -.1760944   .1365628    -1.29   0.197    -.4437526    .0915638
        p5_6 |  -.1321249   .1243476    -1.06   0.288    -.3758417     .111592
        p6_6 |   .2762763   .0962666     2.87   0.004     .0875972    .4649555
        p7_6 |  -.1505377   .0857208    -1.76   0.079    -.3185474     .017472
        p8_6 |   .2331864   .1335696     1.75   0.081    -.0286053     .494978
        p9_6 |  -.1800955    .048661    -3.70   0.000    -.2754693   -.0847218
       p10_6 |   .1102597   .0764718     1.44   0.149    -.0396223    .2601417
       p11_6 |   .0231936   .0479894     0.48   0.629    -.0708638     .117251
       p12_6 |   .0062963   .0247561     0.25   0.799    -.0422249    .0548174
       p13_6 |   .0541096   .0461678     1.17   0.241    -.0363776    .1445968
       p14_6 |  -.0412691   .0211429    -1.95   0.051    -.0827084    .0001702
       p15_6 |   .0444083    .116668     0.38   0.703    -.1842568    .2730735
       p16_6 |   -.000608   .0525347    -0.01   0.991    -.1035741    .1023581
       p17_6 |   .0129975   .0146315     0.89   0.374    -.0156798    .0416748
         M_6 |   .7359726   .0167181    44.02   0.000     .7032056    .7687396
        x1_6 |   .0956971    .034784     2.75   0.006     .0275217    .1638725
        x2_6 |  -.0091316   .0085204    -1.07   0.284    -.0258313    .0075681
        x3_6 |  -.0779905   .0257898    -3.02   0.002    -.1285376   -.0274435
      cons_6 |  -10.35985   1.421181    -7.29   0.000    -13.14532   -7.574391
        p1_7 |  -.0857251   .0705394    -1.22   0.224    -.2239798    .0525296
        p2_7 |    .019344   .1823276     0.11   0.916    -.3380116    .3766995
        p3_7 |  -.0247774   .0430791    -0.58   0.565     -.109211    .0596561
        p4_7 |  -.3982897   .1362905    -2.92   0.003    -.6654142   -.1311653
        p5_7 |    -.25236   .1242577    -2.03   0.042    -.4959007   -.0088193
        p6_7 |   -.016473   .0956715    -0.17   0.863    -.2039858    .1710397
        p7_7 |   .0738179   .0858298     0.86   0.390    -.0944055    .2420413
        p8_7 |   -.107345   .1331353    -0.81   0.420    -.3682855    .1535954
        p9_7 |   .0185243   .0508652     0.36   0.716    -.0811695    .1182182
       p10_7 |   .3584576   .0765751     4.68   0.000     .2083732    .5085421
       p11_7 |   .2274539   .0479243     4.75   0.000      .133524    .3213839
       p12_7 |  -.0135916   .0247345    -0.55   0.583    -.0620703    .0348871
       p13_7 |  -.0145719   .0459423    -0.32   0.751    -.1046171    .0754733
       p14_7 |  -.0479004   .0210781    -2.27   0.023    -.0892127   -.0065881
       p15_7 |    .515396   .1171794     4.40   0.000     .2857287    .7450634
       p16_7 |   .0253004   .0525318     0.48   0.630      -.07766    .1282609
       p17_7 |   .0480976   .0146192     3.29   0.001     .0194445    .0767507
         M_7 |   .6945014   .0164093    42.32   0.000     .6623399     .726663
        x1_7 |   .1770507   .0351458     5.04   0.000     .1081662    .2459353
        x2_7 |   .0180209   .0084976     2.12   0.034     .0013658    .0346759
        x3_7 |  -.1269065   .0257545    -4.93   0.000    -.1773844   -.0764286
      cons_7 |  -9.302092   1.414083    -6.58   0.000    -12.07364    -6.53054
        p1_8 |   .1155011   .0763158     1.51   0.130    -.0340751    .2650772
        p2_8 |  -.0965901   .2003138    -0.48   0.630    -.4891978    .2960177
        p3_8 |   -.007563   .0460674    -0.16   0.870    -.0978535    .0827276
        p4_8 |  -.1087505   .1474343    -0.74   0.461    -.3977164    .1802154
        p5_8 |   .0938491    .133887     0.70   0.483    -.1685645    .3562627
        p6_8 |    .087913   .1040122     0.85   0.398    -.1159472    .2917732
        p7_8 |  -.2555568   .0920778    -2.78   0.006     -.436026   -.0750876
        p8_8 |   .0641126    .143326     0.45   0.655    -.2168011    .3450263
        p9_8 |  -.0603619    .053898    -1.12   0.263    -.1659999    .0452762
       p10_8 |   .1674643   .0827059     2.02   0.043     .0053637    .3295649
       p11_8 |    .029781   .0512662     0.58   0.561    -.0706988    .1302609
       p12_8 |   .0135499   .0266092     0.51   0.611    -.0386032     .065703
       p13_8 |  -.1408708   .0495852    -2.84   0.004     -.238056   -.0436856
       p14_8 |   .0441285   .0227104     1.94   0.052    -.0003832    .0886401
       p15_8 |   .1185567   .1256133     0.94   0.345    -.1276408    .3647542
       p16_8 |  -.0413139   .0565909    -0.73   0.465      -.15223    .0696022
       p17_8 |   .0328289   .0157511     2.08   0.037     .0019572    .0637005
         M_8 |   .8614734   .0178195    48.34   0.000     .8265478    .8963989
        x1_8 |   .0141832   .0370702     0.38   0.702     -.058473    .0868394
        x2_8 |  -.0640239    .009233    -6.93   0.000    -.0821204   -.0459275
        x3_8 |   .0305274    .028618     1.07   0.286    -.0255629    .0866177
      cons_8 |   -9.23844   1.537852    -6.01   0.000    -12.25257   -6.224306
        p1_9 |   .0078435   .0732545     0.11   0.915    -.1357327    .1514198
        p2_9 |   .4034769   .1900789     2.12   0.034     .0309291    .7760247
        p3_9 |  -.0187655   .0446236    -0.42   0.674    -.1062261    .0686952
        p4_9 |  -.5387567   .1416917    -3.80   0.000    -.8164674    -.261046
        p5_9 |   .1851324   .1286833     1.44   0.150    -.0670822     .437347
        p6_9 |  -.1107615   .0994989    -1.11   0.266    -.3057758    .0842529
        p7_9 |   .2123168   .0896144     2.37   0.018     .0366758    .3879577
        p8_9 |   .1529451   .1377011     1.11   0.267    -.1169442    .4228343
        p9_9 |   .1513378   .0538581     2.81   0.005      .045778    .2568977
       p10_9 |  -.7481597   .0786193    -9.52   0.000    -.9022507   -.5940687
       p11_9 |  -.0239389   .0500706    -0.48   0.633    -.1220754    .0741976
       p12_9 |  -.0316035   .0257228    -1.23   0.219    -.0820193    .0188122
       p13_9 |   .0010953   .0477627     0.02   0.982    -.0925179    .0947084
       p14_9 |    .015749   .0219157     0.72   0.472    -.0272049     .058703
       p15_9 |   .1200987   .1198209     1.00   0.316     -.114746    .3549434
       p16_9 |   .2212849   .0547776     4.04   0.000     .1139228    .3286469
       p17_9 |  -.0050186   .0152284    -0.33   0.742    -.0348658    .0248285
         M_9 |   .7042967   .0163301    43.13   0.000     .6722902    .7363032
        x1_9 |  -.1088129   .0347556    -3.13   0.002    -.1769326   -.0406933
        x2_9 |  -.1022767   .0087847   -11.64   0.000    -.1194944    -.085059
        x3_9 |   .0164019    .027165     0.60   0.546    -.0368406    .0696443
      cons_9 |  -7.785479   1.471285    -5.29   0.000    -10.66915   -4.901813
       p1_10 |  -.2032379   .1006516    -2.02   0.043    -.4005113   -.0059645
       p2_10 |  -.3600412   .2533279    -1.42   0.155    -.8565547    .1364722
       p3_10 |   .0343126   .0623772     0.55   0.582    -.0879445    .1565697
       p4_10 |  -.6670241   .1920558    -3.47   0.001    -1.043446   -.2906016
       p5_10 |    -.01762    .176399    -0.10   0.920    -.3633556    .3281156
       p6_10 |   .0671311   .1379311     0.49   0.626    -.2032089    .3374711
       p7_10 |   .0849721   .1243297     0.68   0.494    -.1587097    .3286538
       p8_10 |  -.0763673   .1871049    -0.41   0.683    -.4430861    .2903514
       p9_10 |   .0612675   .0730914     0.84   0.402     -.081989     .204524
      p10_10 |  -.2269985   .1091044    -2.08   0.037    -.4408392   -.0131579
      p11_10 |  -.1099888   .0695084    -1.58   0.114    -.2462228    .0262452
      p12_10 |  -.0300012   .0367399    -0.82   0.414      -.10201    .0420076
      p13_10 |   .0355856   .0675005     0.53   0.598     -.096713    .1678842
      p14_10 |  -.0170456    .030241    -0.56   0.573    -.0763168    .0422256
      p15_10 |  -.3952588   .1616534    -2.45   0.014    -.7120936    -.078424
      p16_10 |   .0533306   .0762209     0.70   0.484    -.0960596    .2027207
      p17_10 |   .0240008   .0210538     1.14   0.254     -.017264    .0652655
        M_10 |   .8607739   .0204237    42.15   0.000     .8207441    .9008037
       x1_10 |  -.1053913   .0455516    -2.31   0.021    -.1946709   -.0161118
       x2_10 |  -.0864255   .0126105    -6.85   0.000    -.1111415   -.0617095
       x3_10 |  -.0620813   .0391221    -1.59   0.113    -.1387591    .0145965
     cons_10 |   4.621677    1.98977     2.32   0.020     .7218003    8.521554
       p1_11 |    .001522   .0716869     0.02   0.983    -.1389817    .1420256
       p2_11 |     .28535    .186045     1.53   0.125    -.0792914    .6499914
       p3_11 |   .0327259   .0435353     0.75   0.452    -.0526017    .1180535
       p4_11 |  -.0785683   .1378089    -0.57   0.569    -.3486687    .1915321
       p5_11 |  -.0084054   .1262314    -0.07   0.947    -.2558145    .2390036
       p6_11 |   .0620949   .0972757     0.64   0.523    -.1285619    .2527518
       p7_11 |  -.0018345   .0868953    -0.02   0.983    -.1721461    .1684771
       p8_11 |   .0172809   .1349757     0.13   0.898    -.2472666    .2818284
       p9_11 |   .0539782   .0516715     1.04   0.296    -.0472962    .1552525
      p10_11 |   .1739565   .0772555     2.25   0.024     .0225385    .3253745
      p11_11 |   .0486676   .0481906     1.01   0.313    -.0457842    .1431195
      p12_11 |   .0254404   .0249359     1.02   0.308     -.023433    .0743139
      p13_11 |  -.1874816   .0465341    -4.03   0.000    -.2786868   -.0962764
      p14_11 |  -.0023699   .0214296    -0.11   0.912    -.0443711    .0396314
      p15_11 |   .0869793   .1183947     0.73   0.463    -.1450702    .3190287
      p16_11 |  -.0755133   .0531965    -1.42   0.156    -.1797765    .0287498
      p17_11 |   .0008626   .0148475     0.06   0.954    -.0282378    .0299631
        M_11 |   .8546301   .0175305    48.75   0.000     .8202708    .8889893
       x1_11 |  -.1021952   .0349183    -2.93   0.003    -.1706337   -.0337566
       x2_11 |  -.0673166   .0085897    -7.84   0.000    -.0841521   -.0504812
       x3_11 |   .0057913   .0261149     0.22   0.824     -.045393    .0569756
     cons_11 |  -12.49736   1.439559    -8.68   0.000    -15.31884   -9.675874
       p1_12 |   .0573716   .0716383     0.80   0.423     -.083037    .1977802
       p2_12 |   .4094978   .1878508     2.18   0.029      .041317    .7776785
       p3_12 |   .0426662   .0435011     0.98   0.327    -.0425943    .1279267
       p4_12 |  -.0707395   .1375486    -0.51   0.607    -.3403298    .1988507
       p5_12 |  -.1127592   .1258823    -0.90   0.370     -.359484    .1339655
       p6_12 |   .0297561   .0972769     0.31   0.760    -.1609031    .2204153
       p7_12 |    .222752   .0869619     2.56   0.010     .0523099    .3931941
       p8_12 |   .4053439   .1354868     2.99   0.003     .1397947    .6708931
       p9_12 |   .2094612   .0538921     3.89   0.000     .1038347    .3150878
      p10_12 |   .4166941   .0776822     5.36   0.000     .2644398    .5689484
      p11_12 |   .2750129    .048342     5.69   0.000     .1802642    .3697615
      p12_12 |  -.1430474   .0249568    -5.73   0.000    -.1919618   -.0941331
      p13_12 |  -.0162583   .0464619    -0.35   0.726    -.1073219    .0748054
      p14_12 |   .0255792   .0212133     1.21   0.228    -.0159981    .0671565
      p15_12 |   .2937987   .1183134     2.48   0.013     .0619087    .5256887
      p16_12 |   .1065633   .0532494     2.00   0.045     .0021964    .2109301
      p17_12 |   .0184207   .0148628     1.24   0.215    -.0107098    .0475513
        M_12 |   .6512033    .016124    40.39   0.000     .6196009    .6828057
       x1_12 |   .1207379   .0353954     3.41   0.001     .0513643    .1901115
       x2_12 |   .0567894   .0086417     6.57   0.000      .039852    .0737267
       x3_12 |  -.0379353   .0261877    -1.45   0.147    -.0892623    .0133916
     cons_12 |  -23.15262   1.456477   -15.90   0.000    -26.00726   -20.29798
       p1_13 |   .1569895   .0787799     1.99   0.046     .0025836    .3113953
       p2_13 |   .7732164   .2095001     3.69   0.000     .3626037    1.183829
       p3_13 |  -.0473484   .0471605    -1.00   0.315    -.1397813    .0450846
       p4_13 |  -.4910009   .1521989    -3.23   0.001    -.7893052   -.1926965
       p5_13 |  -.1794842   .1355914    -1.32   0.186    -.4452385    .0862701
       p6_13 |  -.2723911   .1060763    -2.57   0.010    -.4802969   -.0644853
       p7_13 |   .1191061   .0959614     1.24   0.215    -.0689747    .3071869
       p8_13 |    .065772   .1470916     0.45   0.655    -.2225222    .3540663
       p9_13 |  -.0391371   .0581478    -0.67   0.501    -.1531047    .0748304
      p10_13 |   .4011844   .0857228     4.68   0.000     .2331708    .5691979
      p11_13 |   .3379024   .0522986     6.46   0.000      .235399    .4404058
      p12_13 |   .0881163   .0272691     3.23   0.001     .0346698    .1415628
      p13_13 |  -.0642391   .0497877    -1.29   0.197    -.1618212    .0333429
      p14_13 |  -.0260434   .0230866    -1.13   0.259    -.0712924    .0192056
      p15_13 |   .1961096   .1302294     1.51   0.132    -.0591354    .4513545
      p16_13 |   .0197726   .0586256     0.34   0.736    -.0951315    .1346767
      p17_13 |   .0233621   .0162718     1.44   0.151    -.0085299    .0552542
        M_13 |   .6862114   .0166702    41.16   0.000     .6535385    .7188844
       x1_13 |   .2252252   .0410242     5.49   0.000     .1448191    .3056312
       x2_13 |   .0689632   .0097645     7.06   0.000     .0498251    .0881012
       x3_13 |  -.0463218   .0295321    -1.57   0.117    -.1042036      .01156
     cons_13 |  -14.70965   1.601013    -9.19   0.000    -17.84757   -11.57172
       p1_14 |  -.0413399    .070658    -0.59   0.559    -.1798271    .0971473
       p2_14 |    .090292   .1840238     0.49   0.624    -.2703881    .4509721
       p3_14 |   .0069944   .0430856     0.16   0.871    -.0774518    .0914407
       p4_14 |  -.5094544   .1366611    -3.73   0.000    -.7773052   -.2416036
       p5_14 |  -.0826506   .1231695    -0.67   0.502    -.3240583    .1587572
       p6_14 |   .1718445   .0962047     1.79   0.074    -.0167131    .3604022
       p7_14 |   .3607025   .0864187     4.17   0.000     .1913249    .5300801
       p8_14 |   .5215298   .1339865     3.89   0.000     .2589211    .7841385
       p9_14 |   .1650903   .0520838     3.17   0.002      .063008    .2671726
      p10_14 |   .5505785   .0771289     7.14   0.000     .3994086    .7017484
      p11_14 |    .079106     .04772     1.66   0.097    -.0144235    .1726355
      p12_14 |   -.020019   .0246124    -0.81   0.416    -.0682584    .0282205
      p13_14 |   .0146265   .0460247     0.32   0.751    -.0755802    .1048332
      p14_14 |   .1304754   .0210733     6.19   0.000     .0891724    .1717783
      p15_14 |   .2302449   .1172213     1.96   0.050     .0004954    .4599944
      p16_14 |  -.1600937   .0527176    -3.04   0.002    -.2634183   -.0567691
      p17_14 |   .0126041     .01474     0.86   0.393    -.0162859     .041494
        M_14 |   .6973578   .0160555    43.43   0.000     .6658896     .728826
       x1_14 |    .043771   .0345139     1.27   0.205    -.0238749     .111417
       x2_14 |  -.0642493    .008412    -7.64   0.000    -.0807365   -.0477622
       x3_14 |   .0112546   .0258974     0.43   0.664    -.0395034    .0620126
     cons_14 |  -17.90271   1.431522   -12.51   0.000    -20.70844   -15.09697
       p1_15 |  -.0305681   .0908375    -0.34   0.736    -.2086063    .1474701
       p2_15 |   .1006065   .2313979     0.43   0.664    -.3529251    .5541381
       p3_15 |  -.0254397   .0551226    -0.46   0.644     -.133478    .0825985
       p4_15 |   .1106989   .1708061     0.65   0.517    -.2240748    .4454727
       p5_15 |  -.3801809   .1567712    -2.43   0.015    -.6874469   -.0729149
       p6_15 |   .0037192    .122789     0.03   0.976    -.2369427    .2443812
       p7_15 |   .0194533   .1095303     0.18   0.859    -.1952221    .2341288
       p8_15 |   .0963432   .1699275     0.57   0.571    -.2367086    .4293949
       p9_15 |   .0210369   .0627405     0.34   0.737    -.1019322    .1440061
      p10_15 |  -.0350303   .0975487    -0.36   0.720    -.2262222    .1561616
      p11_15 |  -.0722816   .0615717    -1.17   0.240      -.19296    .0483968
      p12_15 |  -.1733817   .0326163    -5.32   0.000    -.2373086   -.1094548
      p13_15 |  -.0012797   .0585024    -0.02   0.983    -.1159422    .1133829
      p14_15 |   .0974233   .0266958     3.65   0.000     .0451004    .1497462
      p15_15 |   .2279165   .1473318     1.55   0.122    -.0608486    .5166816
      p16_15 |   .0071719   .0677607     0.11   0.916    -.1256367    .1399804
      p17_15 |  -.0137541    .018656    -0.74   0.461    -.0503191     .022811
        M_15 |   .5866699   .0172019    34.10   0.000     .5529548     .620385
       x1_15 |   .2584378   .0491346     5.26   0.000     .1621357      .35474
       x2_15 |   .1823978   .0125081    14.58   0.000     .1578824    .2069132
       x3_15 |  -.0054227   .0353358    -0.15   0.878    -.0746796    .0638341
     cons_15 |  -4.869515   1.791528    -2.72   0.007    -8.380846   -1.358184
       p1_16 |  -.3331206     .07289    -4.57   0.000    -.4759824   -.1902588
       p2_16 |  -.3125436   .1881105    -1.66   0.097    -.6812334    .0561463
       p3_16 |   .0203952   .0445354     0.46   0.647    -.0668925    .1076829
       p4_16 |  -.4093755   .1402306    -2.92   0.004    -.6842225   -.1345285
       p5_16 |  -.0207469   .1273426    -0.16   0.871    -.2703337      .22884
       p6_16 |   .1248965   .0989906     1.26   0.207    -.0691214    .3189145
       p7_16 |  -.0920822    .088311    -1.04   0.297    -.2651687    .0810042
       p8_16 |  -.0369426   .1373443    -0.27   0.788    -.3061324    .2322471
       p9_16 |  -.0654629   .0513698    -1.27   0.203    -.1661459    .0352201
      p10_16 |   .0125927   .0790497     0.16   0.873    -.1423419    .1675273
      p11_16 |   .0558589    .049463     1.13   0.259    -.0410868    .1528047
      p12_16 |   .0166609   .0256057     0.65   0.515    -.0335253     .066847
      p13_16 |  -.0791666   .0472366    -1.68   0.094    -.1717486    .0134154
      p14_16 |  -.0766928   .0218381    -3.51   0.000    -.1194947   -.0338909
      p15_16 |   .0286194   .1202119     0.24   0.812    -.2069916    .2642304
      p16_16 |   .0244764   .0540263     0.45   0.651    -.0814132    .1303661
      p17_16 |  -.0224847   .0150169    -1.50   0.134    -.0519172    .0069478
        M_16 |   .8013684   .0170832    46.91   0.000     .7678859    .8348509
       x1_16 |  -.1669057   .0353823    -4.72   0.000    -.2362537   -.0975578
       x2_16 |  -.0365623   .0088731    -4.12   0.000    -.0539532   -.0191714
       x3_16 |  -.0339913   .0267922    -1.27   0.205    -.0865031    .0185205
     cons_16 |  -.3470513   1.449177    -0.24   0.811    -3.187386    2.493283
       p1_17 |  -.0314011   .0709614    -0.44   0.658    -.1704829    .1076807
       p2_17 |  -.4260795   .1851738    -2.30   0.021    -.7890136   -.0631455
       p3_17 |  -.0204799   .0436947    -0.47   0.639      -.10612    .0651601
       p4_17 |  -.5526611    .137869    -4.01   0.000    -.8228794   -.2824427
       p5_17 |  -.4396445    .125318    -3.51   0.000    -.6852632   -.1940257
       p6_17 |   .0739437   .0965309     0.77   0.444    -.1152533    .2631407
       p7_17 |  -.0331197   .0865069    -0.38   0.702    -.2026701    .1364306
       p8_17 |   .3619498   .1339861     2.70   0.007     .0993419    .6245577
       p9_17 |  -.0511377   .0485674    -1.05   0.292    -.1463281    .0440527
      p10_17 |   .1024278   .0767361     1.33   0.182    -.0479721    .2528278
      p11_17 |   .0962329   .0484668     1.99   0.047     .0012397    .1912262
      p12_17 |   .0723984   .0247799     2.92   0.003     .0238307    .1209661
      p13_17 |   .0096119   .0465413     0.21   0.836    -.0816074    .1008311
      p14_17 |  -.0857657   .0213871    -4.01   0.000    -.1276836   -.0438478
      p15_17 |  -.0628283   .1171299    -0.54   0.592    -.2923986     .166742
      p16_17 |  -.3175187   .0531133    -5.98   0.000    -.4216189   -.2134184
      p17_17 |   .0086165   .0148117     0.58   0.561     -.020414    .0376469
        M_17 |   .6494026   .0173028    37.53   0.000     .6154898    .6833154
       x1_17 |  -.2019466   .0366835    -5.51   0.000     -.273845   -.1300481
       x2_17 |  -.0526872   .0084032    -6.27   0.000    -.0691572   -.0362172
       x3_17 |  -.0505004   .0254009    -1.99   0.047    -.1002852   -.0007156
     cons_17 |   1.848958    1.42449     1.30   0.194    -.9429906    4.640907
------------------------------------------------------------------------------

. 
. log close
      name:  <unnamed>
       log:  C:\Users\grace.meloguerrero\Documents\GitHub\quaidsce\log\censor.log
  log type:  text
 closed on:   8 Nov 2021, 15:06:13
-----------------------------------------------------------------------------------------------------------------------------------------------------------------------
