-----------------------------------------------------------------------------------------------------------------------------------------------------------------------------------------------------------
      name:  <unnamed>
       log:  C:\Users\grace.meloguerrero\OneDrive - Texas A&M AgriLife\Documents\GitHub\quaidsce\log\censor_comp_elast_v.log
  log type:  text
 opened on:  11 Nov 2021, 13:10:06

. estat comp

. mat define ce_quaidsce=  r(elas_c)

. mat list ce_quaidsce

ce_quaidsce[17,17]
             c1          c2          c3          c4          c5          c6          c7          c8          c9
 r1  -1.0022439   .17736464   .04211243   .19809915  -.36733876   .01539533   .35631772   .00606347   .31472531
 r2  -.13984631   .61333386  -.16340816   .49193403   .29487068   .00583883    .2432404  -.37064135   .96784381
 r3   .00548704    .0235993  -.88947909    .2741942  -.43566637   .14052035  -.04345526    .3148155   .15241817
 r4   .00235953   .02806456   .06944927  -.71743078  -.39063154   .16263575  -.07480614   .35358393   .00104636
 r5   .01022922   .00052086   .07311799   .25732172  -1.3898805   .12135051  -.01969679   .32970465   .07341445
 r6   .01768994  -.01715614   .09296028   .35974738  -.40285872  -1.0054272   .02931358   .19805887   .17521404
 r7  -.17122616   .01970551   .15993948   .74505203  -.50810139   -.0137691  -1.1950395    .0912782   .96265159
 r8  -.00291437  -.03041273   .07006176   .31086435  -.42612512   .07637011  -.00264038    -.679208   .14369131
 r9   .12671631   .33453433   .07664752   .00804587  -.16859228    .0948629  -.22344954   .32365107  -1.0968901
r10  -.01715678  -.04699164  -.07562003   .17527244  -.06735381  -.05708788  -.15042329   .04329707   .15104752
r11   .26617772   1.4870124   .23272018  -.55613476  -.09807899  -.68031941   .01445395   1.2560219  -.03405387
r12   .01120907   .01777313   .06927427   .26431785  -.40501159   .11835245  -.04316531   .32773652   .12018682
r13  -.01443287  -.29066181   .04401154   .56196678   -.5048039   .17226474   .03805171   .23924139   .44037807
r14    .0123071  -.02263201   .06536684   .30731743  -.44102885   .09476701  -.00898866   .35168979   .07779043
r15   .24856904   .84651241   .12335254   -.5757139   .43376187   .55562533  -.40616714   .78307659  -.79241837
r16   .22202331   .21520264   .13940207   .21655253   .10928892   .27463431  -.46755121   .34858622  -.35609039
r17  -.23366065  -.02684969   .10020317  -.21459715  -.55789451   -.1667492  -.16514222   .40697465   .45907126

            c10         c11         c12         c13         c14         c15         c16         c17
 r1  -.03069436   .26617772   1.4870124   .23272018  -.55613476  -.09807899  -.68031941   .01445395
 r2  -.08936422   .14991742   .45748645   -.1911064   -.0905586  -.09285825  -.10582525   .11684308
 r3  -.00626669   .01339785    .5513491   .00476144   .29978341  -.04120187  -.02803456  -.00966644
 r4  -.05371926  -.01110693   .54153706   .03625596   .34047545   .02175274  -.01045361    .0089301
 r5  -.03414592  -.00168747   .54658195   .01567448   .32862635  -.00592126  -.00780671  -.00984749
 r6  -.01275048   -.0435944   .53358967   .02619221   .20842196  -.06797686  -.05264097   .01785222
 r7  -.25405335   .00532165   1.0331639   .00983748   .29446568  -.22796604  -.15384529  -.04796812
 r8  -.02573377   .01759918   .56872918    .0042987    .3354878  -.04288522  -.01871275  -.00902886
 r9  -.05491206  -.01833351     .445211   .06133669   .20107715   .10189058   .09050589   -.0420219
r10  -.91680258    .0064741   .32365748   .00011884   .13221151   .02765838   .06409332  -.00829881
r11  -.04650008  -1.0493374   .77209295    .0085195  -.35693747   .29719121  -.18968867   .23240118
r12  -.04020031   .00784528  -.46282738   .02289463   .32716714  -.00705609  -.00957372  -.01643145
r13   .01887196   -.0027826   .92168999  -.98999564   .37399308  -.16537438  -.05466731  -.04200838
r14  -.05073444  -.01399199   .58512781   .01697016  -.63325639  -.01430858  -.00653437   -.0089698
r15   -.0019211  -.09730804  -.30739933   .21211884  -.02096436  -.89836226   .01336374   .06322825
r16   .03539723   .04576722   .22087011   .10829519   .00692008   .22189638   -.7619333  -.00611347
r17  -.17729779  -.19519454   1.2275414   .11207451   .33223587   .09754068   .00081474  -.85430766

. log close
      name:  <unnamed>
       log:  C:\Users\grace.meloguerrero\OneDrive - Texas A&M AgriLife\Documents\GitHub\quaidsce\log\censor_comp_elast
> _v.log
  log type:  text
 closed on:  11 Nov 2021, 18:06:30
----------------------------------------------------------------------------------------------------------------------
