----------------------------------------------------------------------------------------------------------------------------------------------------
      name:  <unnamed>
       log:  C:\Users\grace.meloguerrero\OneDrive - Texas A&M AgriLife\Documents\GitHub\quaidsce\log\censor_elast.log
  log type:  text
 opened on:   9 Nov 2021, 17:26:04

. 
. estat uncomp

. mat define unce_quaidsce=  r(elas_u)

. mat list unce_quaidsce

unce_quaidsce[17,17]
             c1          c2          c3          c4          c5          c6          c7          c8          c9         c10         c11         c12
 r1  -2.2547037  -.60527343   .25632155   .08285516    -.192523   .29826486   .70261982  -.22549341   .50441958   .25657888   -.0854043  -.23599336
 r2   .24155127  -2.7662844   .34153513  -.31266956  -.16239037  -.13838775  -.39324732  -.04473662   -.8301182   .01940334   .08354606  -.24116331
 r3  -.07897079   -.7320827  -.80266322   -.1610858   .05088439   .09108816  -.02193093   .17592748  -.47774848  -.11508338   .02214089   .21270774
 r4   .02061195   -.0520187  -.00479018  -1.0765521  -.01106342   .00504423   .05377256   .00186744   .06267292  -.00542656   .01659675   .02378387
 r5    .0290841   .05245408  -.01004911  -.03215101  -1.1309655  -.01280744   .02273344   .04436582   .10990697   .05200845   .03174124  -.01507658
 r6   .02147763  -.36138392   .01174004  -.21503441   .09573933  -.72481005   .11641166   .10959282  -.29839736  -.05176883    .0014663  -.00402037
 r7  -.01828305  -.17295868   .01503348  -.00219274    .0066518   .02907323   -.8564042   .03178394  -.07828545  -.01879931   .00242705   .14947352
 r8  -.00448628  -.09186447  -.01294959   .01513606   .05726554  -.01995009  -.02184575  -.89446592  -.12466547   .00345935  -.02467354  -.00707565
 r9  -.06745397   .25674802  -.00410019  -.00740934  -.18718371  -.06024302  -.13071736   .17441132  -.52398514  -.06642793  -.01175205  -.33295251
r10  -.43757538   1.3929516  -.12675631  -.08286304   -.7253865  -.48420296  -.35495484  -.15203988  -.94249307   -1.098194  -.03084539   .52739828
r11   -.0854043  -.23599336   -.0581448  -.28404268  -.05413144  -.02979316  -.02966585   -.2505377  -.15784293  -.15114418  -.85140197   .01470909
r12  -.05660367  -.32093069  -.00672901  -.02059371   .06924652   .00031294   .11855529  -.00544382  -.18282207  -.05920177  -.01650611   -.6639681
r13  -.06481769   .07974819   .01110232    .0604327   -.0696053   .13693703   .17554255   .35431162   .37456447   .04457748  -.03935746   .01136492
r14  -.05099452  -.03544834  -.03955181   .10472116   .38096325   .04437112   .00575489  -.05077225  -.07251805   .03535391   .12705475  -.03228728
r15   .76369987    .9048655  -.15484966   .21060582  -.05190541  -.07262914  -.54013751  -.05786242  -.70322088   -.3622929  -.27632395  -.46403697
r16  -.22216684   .12831723    .0286461  -.24185375  -.89366011    .0199286   .13066569   .00482735  -.19972864  -.02813542   .08022742   .53602179
r17  -.24340596  -.68657567  -.00268631  -.22426939   .04724741   .18482234   .11515363   .18218703  -.52921341  -.14340779   -.2400311   .33066952

            c13         c14         c15         c16         c17
 r1   -.0581448  -.28404268  -.05413144  -.02979316  -.02966585
 r2   .08611326  -.51803369  -.25331959   .32284148  -.12707336
 r3   .04194153   -.0001334  -.01677058  -.05069142  -.04023091
 r4  -.01288117   .03283705   .00752319   -.0104622   .00526306
 r5  -.00985931   .05870476  -.00158067  -.05037922  -.00581935
 r6   .03852734  -.19947951   .01996637   -.0723631    .0227983
 r7   .01086646  -.02893317  -.02715077   .00682972   .00572981
 r8   .02064633   .05756693   .02079342  -.00145288   .00094586
 r9  -.01727868   .04047807  -.03940665   .00858386  -.01852987
r10   .21071083   .12827433  -.27334754   .32936029   .01372785
r11  -.00554629   .02448867  -.06230678   .00162413   .02153953
r12   .00803419  -.05428436  -.01020257  -.05166277   .01482933
r13  -.93771425   .32898593  -.23358444   -.0256798  -.01010979
r14    .0298111  -1.3684416   .03252716   .10180533   .03498099
r15   .49050744   .09666002  -.66809731  -.10653961   .05149317
r16  -.14627047  -.03204211  -.11172286  -.88870171  -.09025014
r17   .16281114   .50982853   .12436778   .19110929  -.82758019

. 
. log close
      name:  <unnamed>
       log:  C:\Users\grace.meloguerrero\OneDrive - Texas A&M AgriLife\Documents\GitHub\quaidsce\log\censor_elast.log
  log type:  text
 closed on:   9 Nov 2021, 20:13:17
----------------------------------------------------------------------------------------------------------------------------------------------------
