------------------------------------------------------------------------------------------------------------------------------------------------------------------------------------------------------------
      name:  <unnamed>
       log:  C:\Users\grace.meloguerrero\OneDrive - Texas A&M AgriLife\Documents\GitHub\quaidsce\log\censor2.log
  log type:  text
 opened on:  10 Nov 2021, 07:34:34

. quaidsce w1-w17, anot(10) prices(p1-p17) expenditure(total) nolog demographics(x1-x3) 
(obs = 15,147)
Calculating NLS estimates...
Calculating FGNLS estimates...
FGNLS iteration 2...
FGNLS iteration 3...
FGNLS iteration 4...
FGNLS iteration 5...
FGNLS iteration 6...
FGNLS iteration 7...
FGNLS iteration 8...
FGNLS iteration 9...
FGNLS iteration 10...
FGNLS iteration 11...
FGNLS iteration 12...
FGNLS iteration 13...
FGNLS iteration 14...
FGNLS iteration 15...
FGNLS iteration 16...
FGNLS iteration 17...
FGNLS iteration 18...

Censored Quadratic AIDS model
--------------------
Number of obs          =      15147
Number of demographics =          3
Alpha_0                =         10
Log-likelihood         =  482472.11

------------------------------------------------------------------------------
             | Coefficient  Std. err.      z    P>|z|     [95% conf. interval]
-------------+----------------------------------------------------------------
alpha        |
     alpha_1 |  -.0123345   .0071769    -1.72   0.086    -.0264009    .0017319
     alpha_2 |  -.5565543   .0088003   -63.24   0.000    -.5738026    -.539306
     alpha_3 |   .0551545   .0036256    15.21   0.000     .0480485    .0622606
     alpha_4 |   .3217646   .0113305    28.40   0.000     .2995573     .343972
     alpha_5 |  -.1923305   .0104614   -18.38   0.000    -.2128344   -.1718265
     alpha_6 |   .1132634   .0091764    12.34   0.000     .0952781    .1312487
     alpha_7 |  -.0214901   .0089209    -2.41   0.016    -.0389746   -.0040055
     alpha_8 |   .1165358   .0068222    17.08   0.000     .1031647     .129907
     alpha_9 |   .1315745   .0121268    10.85   0.000     .1078063    .1553427
    alpha_10 |   .0112371   .0062214     1.81   0.071    -.0009566    .0234308
    alpha_11 |   .0228944   .0054697     4.19   0.000      .012174    .0336149
    alpha_12 |   .4783736   .0090051    53.12   0.000     .4607239    .4960233
    alpha_13 |   .0190407   .0040675     4.68   0.000     .0110686    .0270129
    alpha_14 |   .3570162   .0078524    45.47   0.000     .3416258    .3724066
    alpha_15 |   -.021912   .0066388    -3.30   0.001    -.0349237   -.0089002
    alpha_16 |   .0028298   .0035388     0.80   0.424    -.0041062    .0097659
    alpha_17 |   .0084027   .0022578     3.72   0.000     .0039776    .0128279
-------------+----------------------------------------------------------------
beta         |
      beta_1 |   .0008435   .0023783     0.35   0.723    -.0038179     .005505
      beta_2 |  -.1806911    .002262   -79.88   0.000    -.1851245   -.1762576
      beta_3 |   .0241357   .0012001    20.11   0.000     .0217836    .0264879
      beta_4 |  -.0048185    .003529    -1.37   0.172    -.0117352    .0020981
      beta_5 |  -.0959836    .003197   -30.02   0.000    -.1022495   -.0897176
      beta_6 |   .0220421   .0030348     7.26   0.000     .0160941    .0279901
      beta_7 |  -.0368731   .0028406   -12.98   0.000    -.0424405   -.0313057
      beta_8 |   .0595057   .0022374    26.60   0.000     .0551206    .0638909
      beta_9 |   .0083804   .0036409     2.30   0.021     .0012444    .0155163
     beta_10 |  -.0062698   .0020614    -3.04   0.002      -.01031   -.0022295
     beta_11 |  -.0022915   .0017188    -1.33   0.182    -.0056603    .0010773
     beta_12 |   .1139362   .0027422    41.55   0.000     .1085617    .1193108
     beta_13 |   .0086773    .001337     6.49   0.000     .0060569    .0112977
     beta_14 |   .0964366   .0021777    44.28   0.000     .0921684    .1007048
     beta_15 |  -.0021437   .0021586    -0.99   0.321    -.0063746    .0020871
     beta_16 |   .0041447   .0012198     3.40   0.001      .001754    .0065354
     beta_17 |  -.0010656   .0008179    -1.30   0.193    -.0026686    .0005375
-------------+----------------------------------------------------------------
gamma        |
   gamma_1_1 |   .0000181   .0010381     0.02   0.986    -.0020166    .0020528
   gamma_2_1 |   .0040697   .0013311     3.06   0.002     .0014609    .0066785
   gamma_3_1 |  -.0011383   .0004095    -2.78   0.005    -.0019409   -.0003357
   gamma_4_1 |  -.0031592   .0008665    -3.65   0.000    -.0048574   -.0014609
   gamma_5_1 |   .0036337   .0012205     2.98   0.003     .0012417    .0060258
   gamma_6_1 |  -.0023834   .0008622    -2.76   0.006    -.0040732   -.0006936
   gamma_7_1 |   .0082069    .000915     8.97   0.000     .0064134    .0100004
   gamma_8_1 |  -.0078565   .0007251   -10.84   0.000    -.0092776   -.0064353
   gamma_9_1 |   .0050324   .0010921     4.61   0.000     .0028919    .0071729
  gamma_10_1 |   .0005834   .0006492     0.90   0.369     -.000689    .0018557
  gamma_11_1 |   .0013268   .0004919     2.70   0.007     .0003627    .0022908
  gamma_12_1 |  -.0049242   .0011538    -4.27   0.000    -.0071856   -.0026629
  gamma_13_1 |  -.0003999   .0003529    -1.13   0.257    -.0010917    .0002918
  gamma_14_1 |  -.0027719   .0009593    -2.89   0.004    -.0046521   -.0008917
  gamma_15_1 |   .0000957   .0005827     0.16   0.869    -.0010463    .0012378
  gamma_16_1 |  -.0028397   .0004346    -6.53   0.000    -.0036916   -.0019879
  gamma_17_1 |   .0025064   .0002593     9.66   0.000     .0019981    .0030147
   gamma_2_2 |   .0930971   .0029847    31.19   0.000     .0872473    .0989469
   gamma_3_2 |  -.0106431    .000704   -15.12   0.000     -.012023   -.0092633
   gamma_4_2 |  -.0041158   .0020451    -2.01   0.044    -.0081241   -.0001074
   gamma_5_2 |   .0582057   .0019123    30.44   0.000     .0544577    .0619536
   gamma_6_2 |  -.0175287   .0016301   -10.75   0.000    -.0207236   -.0143338
   gamma_7_2 |   .0128535   .0015684     8.20   0.000     .0097794    .0159276
   gamma_8_2 |  -.0453042   .0013629   -33.24   0.000    -.0479753   -.0426331
   gamma_9_2 |   .0258391   .0021479    12.03   0.000     .0216293    .0300488
  gamma_10_2 |   .0052872   .0011359     4.65   0.000     .0030609    .0075136
  gamma_11_2 |   .0090792   .0009476     9.58   0.000      .007222    .0109364
  gamma_12_2 |  -.0607182   .0019762   -30.72   0.000    -.0645916   -.0568448
  gamma_13_2 |  -.0085106    .000754   -11.29   0.000    -.0099884   -.0070329
  gamma_14_2 |  -.0606667   .0015896   -38.17   0.000    -.0637822   -.0575511
  gamma_15_2 |  -.0048457   .0012127    -4.00   0.000    -.0072225   -.0024688
  gamma_16_2 |   .0028352   .0007183     3.95   0.000     .0014273     .004243
  gamma_17_2 |   .0010663   .0004304     2.48   0.013     .0002227    .0019099
   gamma_3_3 |   .0056349   .0002982    18.90   0.000     .0050505    .0062193
   gamma_4_3 |  -.0016312   .0004964    -3.29   0.001    -.0026041   -.0006583
   gamma_5_3 |  -.0070803   .0006773   -10.45   0.000    -.0084078   -.0057528
   gamma_6_3 |    .005972     .00048    12.44   0.000     .0050313    .0069127
   gamma_7_3 |  -.0039381   .0005345    -7.37   0.000    -.0049856   -.0028906
   gamma_8_3 |    .001793   .0004047     4.43   0.000     .0009998    .0025861
   gamma_9_3 |   .0058681   .0005825    10.07   0.000     .0047265    .0070098
  gamma_10_3 |   .0038361   .0003345    11.47   0.000     .0031804    .0044917
  gamma_11_3 |   .0008277   .0002653     3.12   0.002     .0003077    .0013478
  gamma_12_3 |   .0044256   .0006123     7.23   0.000     .0032256    .0056256
  gamma_13_3 |  -.0008279   .0002009    -4.12   0.000    -.0012216   -.0004342
  gamma_14_3 |   .0021537   .0005012     4.30   0.000     .0011713     .003136
  gamma_15_3 |  -.0030444   .0003804    -8.00   0.000      -.00379   -.0022988
  gamma_16_3 |  -.0016392   .0002606    -6.29   0.000      -.00215   -.0011284
  gamma_17_3 |  -.0005686   .0001479    -3.85   0.000    -.0008584   -.0002788
   gamma_4_4 |    .001307   .0013743     0.95   0.342    -.0013866    .0040006
   gamma_5_4 |   .0116841   .0015249     7.66   0.000     .0086953    .0146728
   gamma_6_4 |   .0193843   .0011084    17.49   0.000     .0172118    .0215568
   gamma_7_4 |  -.0124281   .0010953   -11.35   0.000    -.0145748   -.0102814
   gamma_8_4 |   .0111878   .0008564    13.06   0.000     .0095094    .0128663
   gamma_9_4 |  -.0334723   .0016356   -20.46   0.000     -.036678   -.0302665
  gamma_10_4 |  -.0042226   .0008357    -5.05   0.000    -.0058606   -.0025846
  gamma_11_4 |   -.006805   .0006854    -9.93   0.000    -.0081483   -.0054616
  gamma_12_4 |  -.0086801   .0016492    -5.26   0.000    -.0119125   -.0054478
  gamma_13_4 |   .0051881   .0004438    11.69   0.000     .0043183     .006058
  gamma_14_4 |   .0107465   .0012883     8.34   0.000     .0082215    .0132715
  gamma_15_4 |   .0111418   .0008002    13.92   0.000     .0095734    .0127102
  gamma_16_4 |  -.0006387   .0004991    -1.28   0.201    -.0016169    .0003395
  gamma_17_4 |   .0045132   .0003332    13.55   0.000     .0038602    .0051663
   gamma_5_5 |   .0188669   .0027058     6.97   0.000     .0135635    .0241702
   gamma_6_5 |  -.0183832   .0014259   -12.89   0.000     -.021178   -.0155885
   gamma_7_5 |   .0031699   .0015684     2.02   0.043     .0000959    .0062439
   gamma_8_5 |  -.0190046   .0011891   -15.98   0.000    -.0213351    -.016674
   gamma_9_5 |   .0097922   .0018167     5.39   0.000     .0062316    .0133528
  gamma_10_5 |    -.00247   .0010371    -2.38   0.017    -.0045027   -.0004374
  gamma_11_5 |   .0030128   .0008284     3.64   0.000     .0013892    .0046364
  gamma_12_5 |  -.0262259   .0019956   -13.14   0.000    -.0301373   -.0223145
  gamma_13_5 |  -.0006704   .0005822    -1.15   0.250    -.0018115    .0004707
  gamma_14_5 |  -.0295972   .0014479   -20.44   0.000     -.032435   -.0267593
  gamma_15_5 |  -.0037598   .0011517    -3.26   0.001     -.006017   -.0015025
  gamma_16_5 |  -.0030388   .0007066    -4.30   0.000    -.0044237   -.0016538
  gamma_17_5 |   .0018649   .0004327     4.31   0.000     .0010169    .0027129
   gamma_6_6 |  -.0068771   .0014113    -4.87   0.000    -.0096432   -.0041111
   gamma_7_6 |   .0040233   .0009863     4.08   0.000     .0020902    .0059564
   gamma_8_6 |  -.0072004   .0008233    -8.75   0.000     -.008814   -.0055867
   gamma_9_6 |   .0125281   .0013275     9.44   0.000     .0099263    .0151299
  gamma_10_6 |    .002215    .000767     2.89   0.004     .0007117    .0037184
  gamma_11_6 |  -.0060393   .0006077    -9.94   0.000    -.0072303   -.0048483
  gamma_12_6 |   .0214534   .0014693    14.60   0.000     .0185737    .0243331
  gamma_13_6 |   .0002445   .0004371     0.56   0.576    -.0006122    .0011013
  gamma_14_6 |   .0034971    .001069     3.27   0.001     .0014019    .0055922
  gamma_15_6 |    -.00923   .0007238   -12.75   0.000    -.0106486   -.0078115
  gamma_16_6 |  -.0044441   .0004529    -9.81   0.000    -.0053317   -.0035564
  gamma_17_6 |   .0027685   .0002979     9.29   0.000     .0021847    .0033524
   gamma_7_7 |    .007973   .0018338     4.35   0.000     .0043788    .0115671
   gamma_8_7 |    .007081   .0009848     7.19   0.000     .0051508    .0090112
   gamma_9_7 |  -.0317428   .0014731   -21.55   0.000    -.0346299   -.0288557
  gamma_10_7 |   .0080089    .000864     9.27   0.000     .0063156    .0097022
  gamma_11_7 |   8.79e-07    .000612     0.00   0.999    -.0011986    .0012003
  gamma_12_7 |   -.019019   .0014292   -13.31   0.000    -.0218201    -.016218
  gamma_13_7 |  -.0001211    .000412    -0.29   0.769    -.0009286    .0006863
  gamma_14_7 |   .0001836   .0011686     0.16   0.875    -.0021067    .0024739
  gamma_15_7 |   .0077824   .0009167     8.49   0.000     .0059856    .0095791
  gamma_16_7 |   .0065142   .0005776    11.28   0.000     .0053822    .0076462
  gamma_17_7 |   .0014516   .0003383     4.29   0.000     .0007886    .0021147
   gamma_8_8 |   .0062034   .0009986     6.21   0.000     .0042463    .0081606
   gamma_9_8 |   .0209378   .0008949    23.40   0.000     .0191838    .0226919
  gamma_10_8 |   .0069092     .00064    10.80   0.000     .0056548    .0081637
  gamma_11_8 |   .0050934   .0004782    10.65   0.000     .0041562    .0060306
  gamma_12_8 |   .0193031   .0011525    16.75   0.000     .0170443    .0215619
  gamma_13_8 |   -.003829   .0003359   -11.40   0.000    -.0044874   -.0031706
  gamma_14_8 |   .0203355   .0009488    21.43   0.000     .0184759    .0221951
  gamma_15_8 |  -.0121568    .000626   -19.42   0.000    -.0133838   -.0109299
  gamma_16_8 |  -.0020591   .0004001    -5.15   0.000    -.0028433   -.0012748
  gamma_17_8 |  -.0014337   .0002455    -5.84   0.000    -.0019149   -.0009526
   gamma_9_9 |  -.0363769   .0024511   -14.84   0.000     -.041181   -.0315729
  gamma_10_9 |  -.0076996     .00098    -7.86   0.000    -.0096204   -.0057788
  gamma_11_9 |  -.0027127   .0007934    -3.42   0.001    -.0042678   -.0011576
  gamma_12_9 |   .0129826   .0017382     7.47   0.000     .0095757    .0163894
  gamma_13_9 |   .0059237   .0005399    10.97   0.000     .0048655    .0069819
  gamma_14_9 |  -.0084795   .0015969    -5.31   0.000    -.0116093   -.0053496
  gamma_15_9 |   .0160587   .0010313    15.57   0.000     .0140375      .01808
  gamma_16_9 |   .0092979   .0006275    14.82   0.000     .0080679    .0105278
  gamma_17_9 |  -.0037768   .0004175    -9.05   0.000     -.004595   -.0029586
 gamma_10_10 |  -.0069362   .0008253    -8.40   0.000    -.0085538   -.0053187
 gamma_11_10 |  -.0008697   .0004242    -2.05   0.040    -.0017011   -.0000383
 gamma_12_10 |  -.0013709   .0008812    -1.56   0.120    -.0030981    .0003562
 gamma_13_10 |   .0013091   .0003395     3.86   0.000     .0006437    .0019744
 gamma_14_10 |  -.0038314   .0008266    -4.64   0.000    -.0054516   -.0022113
 gamma_15_10 |  -.0003674   .0005855    -0.63   0.530    -.0015149    .0007801
 gamma_16_10 |  -.0015185   .0003579    -4.24   0.000    -.0022199   -.0008171
 gamma_17_10 |   .0011376   .0002246     5.07   0.000     .0006975    .0015778
 gamma_11_11 |  -.0000756   .0004267    -0.18   0.859     -.000912    .0007608
 gamma_12_11 |   .0010027   .0007396     1.36   0.175    -.0004468    .0024522
 gamma_13_11 |   -.000294   .0002837    -1.04   0.300    -.0008499     .000262
 gamma_14_11 |  -.0059572   .0006201    -9.61   0.000    -.0071727   -.0047418
 gamma_15_11 |   .0018997   .0004394     4.32   0.000     .0010385    .0027608
 gamma_16_11 |  -.0014122   .0002795    -5.05   0.000      -.00196   -.0008645
 gamma_17_11 |   .0019226   .0001629    11.80   0.000     .0016034    .0022419
 gamma_12_12 |   .0242631   .0022741    10.67   0.000     .0198059    .0287203
 gamma_13_12 |   .0057281   .0006139     9.33   0.000     .0045248    .0069314
 gamma_14_12 |   .0347039   .0013373    25.95   0.000     .0320828     .037325
 gamma_15_12 |   .0031546   .0010559     2.99   0.003      .001085    .0052242
 gamma_16_12 |   .0016088    .000687     2.34   0.019     .0002622    .0029554
 gamma_17_12 |  -.0076873   .0003774   -20.37   0.000    -.0084271   -.0069476
 gamma_13_13 |  -.0003466   .0002471    -1.40   0.161    -.0008308    .0001377
 gamma_14_13 |    .000107   .0004843     0.22   0.825    -.0008422    .0010563
 gamma_15_13 |  -.0021057   .0003081    -6.83   0.000    -.0027096   -.0015018
 gamma_16_13 |  -.0005801   .0001826    -3.18   0.001    -.0009381   -.0002222
 gamma_17_13 |  -.0008152   .0001295    -6.30   0.000    -.0010689   -.0005614
 gamma_14_14 |   .0371311   .0015765    23.55   0.000     .0340412     .040221
 gamma_15_14 |  -.0005199   .0008614    -0.60   0.546    -.0022081    .0011684
 gamma_16_14 |   .0036526   .0005451     6.70   0.000     .0025842     .004721
 gamma_17_14 |  -.0006872   .0003107    -2.21   0.027    -.0012963   -.0000782
 gamma_15_15 |  -.0019313     .00082    -2.36   0.019    -.0035385   -.0003241
 gamma_16_15 |  -.0013036   .0003799    -3.43   0.001    -.0020483   -.0005589
 gamma_17_15 |  -.0008684   .0002545    -3.41   0.001    -.0013672   -.0003696
 gamma_16_16 |  -.0045902   .0004029   -11.39   0.000    -.0053798   -.0038006
 gamma_17_16 |   .0001556   .0001771     0.88   0.380    -.0001915    .0005026
 gamma_17_17 |  -.0015495   .0001274   -12.17   0.000    -.0017991   -.0012999
-------------+----------------------------------------------------------------
lambda       |
    lambda_1 |    .000643   .0002283     2.82   0.005     .0001955    .0010905
    lambda_2 |    -.01094   .0001715   -63.80   0.000    -.0112761   -.0106039
    lambda_3 |    .002844   .0001167    24.38   0.000     .0026153    .0030726
    lambda_4 |  -.0049182   .0003014   -16.32   0.000     -.005509   -.0043274
    lambda_5 |  -.0090673   .0002899   -31.27   0.000    -.0096356    -.008499
    lambda_6 |  -.0016123   .0002876    -5.61   0.000    -.0021759   -.0010487
    lambda_7 |  -.0051649   .0002663   -19.40   0.000    -.0056868   -.0046431
    lambda_8 |   .0072177   .0002083    34.65   0.000     .0068095     .007626
    lambda_9 |   .0006943   .0003168     2.19   0.028     .0000733    .0013153
   lambda_10 |    .001682   .0002025     8.30   0.000     .0012851     .002079
   lambda_11 |   -.000775   .0001566    -4.95   0.000    -.0010819   -.0004681
   lambda_12 |   .0078688   .0002491    31.59   0.000     .0073806     .008357
   lambda_13 |   .0015597   .0001302    11.98   0.000     .0013046    .0018149
   lambda_14 |   .0080709   .0001807    44.67   0.000     .0077167    .0084251
   lambda_15 |   .0017624   .0002115     8.33   0.000     .0013478     .002177
   lambda_16 |     .00178    .000113    15.76   0.000     .0015586    .0020014
   lambda_17 |   .0002418   .0000743     3.26   0.001     .0000963    .0003873
-------------+----------------------------------------------------------------
delta        |
     delta_1 |   .0419601   .0020001    20.98   0.000       .03804    .0458801
     delta_2 |   .3025808   .0021382   141.51   0.000     .2983901    .3067715
     delta_3 |   .0191154   .0009176    20.83   0.000      .017317    .0209138
     delta_4 |   .1530532   .0022877    66.90   0.000     .1485695     .157537
     delta_5 |   .0459996   .0022873    20.11   0.000     .0415167    .0504826
     delta_6 |   .1467501   .0027192    53.97   0.000     .1414206    .1520796
     delta_7 |   .1138754   .0022876    49.78   0.000     .1093919     .118359
     delta_8 |    .066189   .0018492    35.79   0.000     .0625646    .0698134
     delta_9 |   .3052717     .00332    91.95   0.000     .2987646    .3117789
    delta_10 |  -.0736759   .0020962   -35.15   0.000    -.0777844   -.0695675
    delta_11 |   .0407077   .0012353    32.95   0.000     .0382865    .0431289
    delta_12 |   .0739183   .0019064    38.77   0.000     .0701818    .0776548
    delta_13 |   .0331155   .0014532    22.79   0.000     .0302672    .0359637
    delta_14 |   .0642146   .0014937    42.99   0.000      .061287    .0671423
    delta_15 |  -.0183257   .0021159    -8.66   0.000    -.0224729   -.0141786
    delta_16 |  -.0213836   .0010089   -21.19   0.000     -.023361   -.0194061
    delta_17 |  -.0110664   .0009962   -11.11   0.000     -.013019   -.0091139
-------------+----------------------------------------------------------------
eta          |
    eta_x1_1 |  -.0000948   .0001808    -0.52   0.600    -.0004491    .0002596
    eta_x1_2 |   .0021954    .000103    21.32   0.000     .0019936    .0023972
    eta_x1_3 |   .0024715   .0001004    24.63   0.000     .0022748    .0026682
    eta_x1_4 |  -.0028985   .0002838   -10.21   0.000    -.0034547   -.0023422
    eta_x1_5 |  -.0010344   .0002246    -4.60   0.000    -.0014747   -.0005941
    eta_x1_6 |  -.0007122   .0002677    -2.66   0.008    -.0012369   -.0001875
    eta_x1_7 |  -.0012334   .0002131    -5.79   0.000    -.0016511   -.0008157
    eta_x1_8 |    .000754   .0001653     4.56   0.000       .00043    .0010779
    eta_x1_9 |  -.0003214   .0002662    -1.21   0.227    -.0008431    .0002004
   eta_x1_10 |   .0022907   .0001667    13.74   0.000     .0019639    .0026175
   eta_x1_11 |   .0005353    .000148     3.62   0.000     .0002452    .0008253
   eta_x1_12 |  -.0034239   .0001804   -18.98   0.000    -.0037775   -.0030703
   eta_x1_13 |  -.0010041    .000152    -6.61   0.000    -.0013019   -.0007062
   eta_x1_14 |   .0016123   .0001739     9.27   0.000     .0012714    .0019531
   eta_x1_15 |   .0001355   .0001524     0.89   0.374    -.0001632    .0004341
   eta_x1_16 |   .0007276   .0001102     6.61   0.000     .0005117    .0009435
   eta_x1_17 |   3.99e-07    .000076     0.01   0.996    -.0001485    .0001493
    eta_x2_1 |  -.0003802   .0000571    -6.66   0.000    -.0004921   -.0002683
    eta_x2_2 |   .0013845    .000037    37.47   0.000      .001312    .0014569
    eta_x2_3 |   .0000396   .0000333     1.19   0.234    -.0000256    .0001048
    eta_x2_4 |   .0007854   .0000944     8.32   0.000     .0006003    .0009705
    eta_x2_5 |   .0000439   .0000825     0.53   0.595    -.0001177    .0002055
    eta_x2_6 |  -.0001808   .0000885    -2.04   0.041    -.0003543   -7.22e-06
    eta_x2_7 |   .0007729   .0000682    11.34   0.000     .0006393    .0009065
    eta_x2_8 |  -.0006183     .00005   -12.36   0.000    -.0007163   -.0005202
    eta_x2_9 |  -.0009417   .0000878   -10.72   0.000    -.0011138   -.0007696
   eta_x2_10 |   .0001677   .0000582     2.88   0.004     .0000535    .0002819
   eta_x2_11 |   .0002405   .0000473     5.09   0.000     .0001478    .0003332
   eta_x2_12 |  -.0010358   .0000634   -16.34   0.000    -.0011601   -.0009116
   eta_x2_13 |  -.0004037   .0000421    -9.59   0.000    -.0004862   -.0003212
   eta_x2_14 |  -.0006968   .0000476   -14.63   0.000    -.0007902   -.0006035
   eta_x2_15 |   .0003999   .0000533     7.51   0.000     .0002955    .0005043
   eta_x2_16 |   .0000618   .0000292     2.11   0.035     4.50e-06     .000119
   eta_x2_17 |   .0003612   .0000235    15.40   0.000     .0003152    .0004071
    eta_x3_1 |   -.000794   .0001456    -5.45   0.000    -.0010793   -.0005086
    eta_x3_2 |  -.0001202   .0000868    -1.38   0.166    -.0002905      .00005
    eta_x3_3 |  -.0006862   .0000901    -7.61   0.000    -.0008629   -.0005096
    eta_x3_4 |   .0018027   .0002471     7.30   0.000     .0013184     .002287
    eta_x3_5 |  -.0013663   .0002003    -6.82   0.000     -.001759   -.0009737
    eta_x3_6 |   .0024818   .0002266    10.95   0.000     .0020376    .0029259
    eta_x3_7 |  -.0004312   .0001796    -2.40   0.016    -.0007832   -.0000792
    eta_x3_8 |   .0000989   .0001328     0.74   0.456    -.0001614    .0003593
    eta_x3_9 |   .0006737   .0002291     2.94   0.003     .0002246    .0011228
   eta_x3_10 |   -.000977   .0001522    -6.42   0.000    -.0012753   -.0006786
   eta_x3_11 |  -.0000933   .0001098    -0.85   0.395    -.0003086    .0001219
   eta_x3_12 |   .0014635   .0001466     9.98   0.000     .0011762    .0017509
   eta_x3_13 |  -.0000606   .0001144    -0.53   0.596    -.0002848    .0001636
   eta_x3_14 |  -.0009353   .0001294    -7.23   0.000     -.001189   -.0006817
   eta_x3_15 |  -.0012429   .0001419    -8.76   0.000    -.0015211   -.0009647
   eta_x3_16 |  -.0004501    .000079    -5.70   0.000    -.0006049   -.0002952
   eta_x3_17 |   .0006366    .000063    10.11   0.000     .0005132      .00076
-------------+----------------------------------------------------------------
rho          |
      rho_x1 |   .2047622    .011298    18.12   0.000     .1826185     .226906
      rho_x2 |   .0126159   .0032195     3.92   0.000     .0063058    .0189261
      rho_x3 |  -.0463892   .0075062    -6.18   0.000    -.0611011   -.0316773
-------------+----------------------------------------------------------------
tau          |
        p1_1 |  -.0974181   .0548211    -1.78   0.076    -.2048655    .0100293
        p2_1 |   .3082594   .1471903     2.09   0.036     .0197718    .5967471
        p3_1 |   .0363678   .0342386     1.06   0.288    -.0307387    .1034743
        p4_1 |  -.0322751   .0581961    -0.55   0.579    -.1463374    .0817872
        p5_1 |  -.2937326   .1009088    -2.91   0.004    -.4915103    -.095955
        p6_1 |  -.0198241    .050913    -0.39   0.697    -.1196117    .0799634
        p7_1 |   .1769438    .091832     1.93   0.054    -.0030436    .3569312
        p8_1 |  -.0808515   .0538012    -1.50   0.133       -.1863     .024597
        p9_1 |   .0090659   .0744719     0.12   0.903    -.1368964    .1550282
       p10_1 |  -.0014487   .0437889    -0.03   0.974    -.0872734     .084376
       p11_1 |    .042314   .0315342     1.34   0.180    -.0194919      .10412
       p12_1 |   .0154834   .1236829     0.13   0.900    -.2269306    .2578974
       p13_1 |  -.0488678   .0198067    -2.47   0.014    -.0876883   -.0100474
       p14_1 |  -.0681967   .0792217    -0.86   0.389    -.2234684    .0870749
       p15_1 |  -.2271973   .0521416    -4.36   0.000     -.329393   -.1250016
       p16_1 |  -.0433276   .0573724    -0.76   0.450    -.1557755    .0691203
       p17_1 |   .0296456   .0226895     1.31   0.191     -.014825    .0741162
         M_1 |   .8277341   .0171939    48.14   0.000     .7940346    .8614336
        x1_1 |   .0780698   .0361934     2.16   0.031     .0071321    .1490076
        x2_1 |  -.0276456   .0088789    -3.11   0.002    -.0450479   -.0102432
        x3_1 |  -.1644561   .0267598    -6.15   0.000    -.2169044   -.1120078
      cons_1 |  -7.327483   1.262538    -5.80   0.000    -9.802011   -4.852954
        p1_2 |   .1715689   .1115161     1.54   0.124    -.0469987    .3901365
        p2_2 |  -1.149833   .2613462    -4.40   0.000    -1.662062   -.6376039
        p3_2 |    .177564   .0709899     2.50   0.012     .0384264    .3167017
        p4_2 |  -.2553267   .1091674    -2.34   0.019     -.469291   -.0413625
        p5_2 |  -.1216593    .194689    -0.62   0.532    -.5032426    .2599241
        p6_2 |  -.0927142   .1029457    -0.90   0.368     -.294484    .1090556
        p7_2 |  -.2609017   .1721748    -1.52   0.130    -.5983581    .0765546
        p8_2 |   -.023084   .1060727    -0.22   0.828    -.2309827    .1848147
        p9_2 |  -.2740869   .1466529    -1.87   0.062    -.5615213    .0133475
       p10_2 |   .0827272   .0903777     0.92   0.360    -.0944099    .2598642
       p11_2 |    .063373   .0658306     0.96   0.336    -.0656527    .1923987
       p12_2 |   -.290461   .2371636    -1.22   0.221    -.7552931     .174371
       p13_2 |  -.0028643   .0401192    -0.07   0.943    -.0814964    .0757679
       p14_2 |  -.2387732    .147497    -1.62   0.105    -.5278619    .0503156
       p15_2 |  -.1065836   .1079232    -0.99   0.323    -.3181091    .1049419
       p16_2 |   .1527517   .1170763     1.30   0.192    -.0767135     .382217
       p17_2 |  -.0783362   .0470682    -1.66   0.096    -.1705883    .0139159
         M_2 |   .5051279   .0223538    22.60   0.000     .4613152    .5489406
        x1_2 |  -.1196074   .0638723    -1.87   0.061    -.2447949      .00558
        x2_2 |   .0562998   .0203312     2.77   0.006     .0164514    .0961481
        x3_2 |  -.0692656   .0581319    -1.19   0.233     -.183202    .0446708
      cons_2 |   12.93428   2.282629     5.67   0.000     8.460413    17.40815
        p1_3 |  -.0305485   .0569549    -0.54   0.592     -.142178     .081081
        p2_3 |   .4948977   .1481822     3.34   0.001     .2044658    .7853295
        p3_3 |   .0124052   .0358746     0.35   0.729    -.0579077    .0827182
        p4_3 |  -.0476723   .0598304    -0.80   0.426    -.1649378    .0695931
        p5_3 |  -.1772633    .104957    -1.69   0.091    -.3829752    .0284486
        p6_3 |  -.0256763   .0523204    -0.49   0.624    -.1282224    .0768698
        p7_3 |   .1777083   .0943681     1.88   0.060    -.0072498    .3626663
        p8_3 |   -.103046   .0554007    -1.86   0.063    -.2116295    .0055375
        p9_3 |   .3979954    .075614     5.26   0.000     .2497947     .546196
       p10_3 |    .151702   .0460465     3.29   0.001     .0614525    .2419515
       p11_3 |    .021383   .0326064     0.66   0.512    -.0425243    .0852903
       p12_3 |   .0006694   .1257167     0.01   0.996    -.2457309    .2470696
       p13_3 |  -.0308958   .0207939    -1.49   0.137    -.0716511    .0098595
       p14_3 |   .1704832   .0811214     2.10   0.036     .0114881    .3294783
       p15_3 |  -.0612709   .0539118    -1.14   0.256     -.166936    .0443943
       p16_3 |    .017537   .0590029     0.30   0.766    -.0981067    .1331806
       p17_3 |   .0398712   .0232829     1.71   0.087    -.0057623    .0855048
         M_3 |   .5974722   .0184343    32.41   0.000     .5613416    .6336028
        x1_3 |   .1706041   .0357216     4.78   0.000      .100591    .2406172
        x2_3 |   .0462378   .0087684     5.27   0.000     .0290521    .0634235
        x3_3 |   -.027268   .0266724    -1.02   0.307     -.079545    .0250091
      cons_3 |  -15.18541   1.281865   -11.85   0.000    -17.69782     -12.673
        p1_4 |  -.1538696   .0785853    -1.96   0.050    -.3078939    .0001547
        p2_4 |  -.3573756   .2025843    -1.76   0.078    -.7544335    .0396824
        p3_4 |   .0154131   .0493199     0.31   0.755    -.0812521    .1120783
        p4_4 |  -.0507287   .0821625    -0.62   0.537    -.2117643    .1103068
        p5_4 |  -.1850435   .1417743    -1.31   0.192    -.4629161     .092829
        p6_4 |   .1652606   .0750206     2.20   0.028     .0182229    .3122982
        p7_4 |  -.1773632   .1285727    -1.38   0.168    -.4293611    .0746346
        p8_4 |  -.2345885   .0766197    -3.06   0.002    -.3847604   -.0844166
        p9_4 |  -.2968985    .104971    -2.83   0.005    -.5026379    -.091159
       p10_4 |  -.0090018   .0637053    -0.14   0.888    -.1338619    .1158583
       p11_4 |   .0399383   .0464776     0.86   0.390    -.0511561    .1310328
       p12_4 |   .1638615   .1778702     0.92   0.357    -.1847577    .5124807
       p13_4 |   .0073693   .0284934     0.26   0.796    -.0484768    .0632153
       p14_4 |  -.2034681   .1123451    -1.81   0.070    -.4236604    .0167243
       p15_4 |    -.01537   .0759224    -0.20   0.840    -.1641752    .1334351
       p16_4 |   .0142699   .0827144     0.17   0.863    -.1478474    .1763873
       p17_4 |   .0269002   .0335866     0.80   0.423    -.0389285    .0927288
         M_4 |   1.002818   .0225181    44.53   0.000      .958683    1.046952
        x1_4 |  -.1119144    .047203    -2.37   0.018    -.2044306   -.0193983
        x2_4 |  -.0634346    .013364    -4.75   0.000    -.0896275   -.0372417
        x3_4 |  -.0698523   .0411107    -1.70   0.089    -.1504278    .0107232
      cons_4 |  -1.192803   1.760684    -0.68   0.498     -4.64368    2.258073
        p1_5 |  -.0456534   .0655566    -0.70   0.486    -.1741419    .0828351
        p2_5 |  -.4087173   .1734722    -2.36   0.018    -.7487165    -.068718
        p3_5 |   .0628868   .0410426     1.53   0.125    -.0175552    .1433288
        p4_5 |  -.2402201   .0683256    -3.52   0.000    -.3741358   -.1063045
        p5_5 |  -.2176356   .1190563    -1.83   0.068    -.4509817    .0157105
        p6_5 |   .0485527   .0615258     0.79   0.430    -.0720358    .1691411
        p7_5 |   -.011331   .1081149    -0.10   0.917    -.2232323    .2005703
        p8_5 |  -.0296138   .0642489    -0.46   0.645    -.1555393    .0963116
        p9_5 |   .1545437   .0897004     1.72   0.085    -.0212658    .3303533
       p10_5 |  -.0037284   .0523061    -0.07   0.943    -.1062464    .0987896
       p11_5 |   .0853753   .0380315     2.24   0.025      .010835    .1599157
       p12_5 |  -.1535145   .1469604    -1.04   0.296    -.4415517    .1345226
       p13_5 |  -.0525974   .0234955    -2.24   0.025    -.0986478    -.006547
       p14_5 |  -.1393837   .0940121    -1.48   0.138    -.3236441    .0448767
       p15_5 |   .0398771   .0630991     0.63   0.527    -.0837949    .1635491
       p16_5 |   .0269279   .0683288     0.39   0.694    -.1069941    .1608499
       p17_5 |   .0330181   .0276925     1.19   0.233    -.0212582    .0872944
         M_5 |   .8370846   .0187828    44.57   0.000     .8002709    .8738982
        x1_5 |   .1786779   .0453064     3.94   0.000     .0898789    .2674769
        x2_5 |   .0138908    .011092     1.25   0.210    -.0078492    .0356307
        x3_5 |  -.0379632   .0335659    -1.13   0.258     -.103751    .0278247
      cons_5 |  -2.522688    1.47742    -1.71   0.088    -5.418378    .3730019
        p1_6 |  -.0903854   .0582434    -1.55   0.121    -.2045404    .0237696
        p2_6 |   .2765515   .1578231     1.75   0.080    -.0327761    .5858791
        p3_6 |  -.0022522   .0362677    -0.06   0.950    -.0733356    .0688312
        p4_6 |   .0227181   .0622986     0.36   0.715    -.0993848     .144821
        p5_6 |   -.123589   .1072655    -1.15   0.249    -.3338254    .0866474
        p6_6 |   .0840077   .0543285     1.55   0.122    -.0224742    .1904897
        p7_6 |  -.0268697   .0974676    -0.28   0.783    -.2179027    .1641633
        p8_6 |  -.0581129   .0569932    -1.02   0.308    -.1698176    .0535917
        p9_6 |   .1983889   .0791355     2.51   0.012     .0432862    .3534916
       p10_6 |   .0277313   .0460697     0.60   0.547    -.0625637    .1180262
       p11_6 |   .0178726   .0333211     0.54   0.592    -.0474356    .0831808
       p12_6 |   .0783163   .1320752     0.59   0.553    -.1805462    .3371789
       p13_6 |  -.0324722   .0209029    -1.55   0.120    -.0734412    .0084967
       p14_6 |    .207264   .0847175     2.45   0.014     .0412208    .3733072
       p15_6 |   -.028498   .0556274    -0.51   0.608    -.1375256    .0805297
       p16_6 |   .0834187   .0620113     1.35   0.179    -.0381213    .2049586
       p17_6 |  -.0048386   .0238933    -0.20   0.840    -.0516687    .0419915
         M_6 |   .8093725   .0174674    46.34   0.000      .775137    .8436081
        x1_6 |   .1680523   .0393918     4.27   0.000     .0908457    .2452589
        x2_6 |   -.005248   .0095198    -0.55   0.581    -.0239065    .0134105
        x3_6 |  -.1498653   .0288292    -5.20   0.000    -.2063695   -.0933611
      cons_6 |  -12.96404   1.364628    -9.50   0.000    -15.63866   -10.28942
        p1_7 |   .0854732   .0572332     1.49   0.135    -.0267018    .1976483
        p2_7 |   .1629862   .1552911     1.05   0.294    -.1413787    .4673511
        p3_7 |   -.008982   .0354062    -0.25   0.800    -.0783769     .060413
        p4_7 |  -.0311548   .0611671    -0.51   0.611    -.1510401    .0887305
        p5_7 |  -.0347224   .1055911    -0.33   0.742    -.2416771    .1722324
        p6_7 |  -.0475472   .0531709    -0.89   0.371    -.1517603    .0566659
        p7_7 |  -.0191014   .0951798    -0.20   0.841    -.2056505    .1674476
        p8_7 |  -.1517787   .0561117    -2.70   0.007    -.2617556   -.0418018
        p9_7 |   .1027832   .0777584     1.32   0.186    -.0496204    .2551868
       p10_7 |   .0393782    .045445     0.87   0.386    -.0496925    .1284488
       p11_7 |  -.0089045   .0325143    -0.27   0.784    -.0726315    .0548224
       p12_7 |  -.1818426   .1286222    -1.41   0.157    -.4339375    .0702522
       p13_7 |   .0275488   .0206504     1.33   0.182    -.0129252    .0680228
       p14_7 |   .0763133   .0824713     0.93   0.355    -.0853276    .2379541
       p15_7 |   .0219593   .0546205     0.40   0.688    -.0850949    .1290134
       p16_7 |   .1313008    .061193     2.15   0.032     .0113647     .251237
       p17_7 |  -.0033799   .0235452    -0.14   0.886    -.0495277    .0427679
         M_7 |   .8575119   .0177274    48.37   0.000     .8227668    .8922569
        x1_7 |   .0163972   .0370545     0.44   0.658    -.0562282    .0890227
        x2_7 |   -.064452   .0092136    -7.00   0.000    -.0825103   -.0463938
        x3_7 |   .0314103   .0286047     1.10   0.272     -.024654    .0874746
      cons_7 |  -9.890813   1.333717    -7.42   0.000    -12.50485   -7.276777
        p1_8 |  -.0444507   .0551196    -0.81   0.420    -.1524832    .0635818
        p2_8 |   .2442427   .1469318     1.66   0.096    -.0437383    .5322237
        p3_8 |  -.0154146   .0342279    -0.45   0.652    -.0825001    .0516709
        p4_8 |   .0027769   .0582837     0.05   0.962    -.1114571    .1170109
        p5_8 |   .0779099   .1017462     0.77   0.444     -.121509    .2773289
        p6_8 |   .0866073   .0513945     1.69   0.092    -.0141241    .1873387
        p7_8 |  -.0412667   .0916455    -0.45   0.653    -.2208887    .1383552
        p8_8 |   .1706555   .0540148     3.16   0.002     .0647885    .2765226
        p9_8 |  -.7360494   .0733804   -10.03   0.000    -.8798724   -.5922265
       p10_8 |  -.0149242   .0443388    -0.34   0.736    -.1018267    .0719782
       p11_8 |  -.0113051    .031552    -0.36   0.720    -.0731458    .0505356
       p12_8 |  -.0949046   .1226874    -0.77   0.439    -.3353676    .1455583
       p13_8 |   .0064411   .0200446     0.32   0.748    -.0328457    .0457278
       p14_8 |   .0425403   .0793443     0.54   0.592    -.1129717    .1980523
       p15_8 |   .1624236   .0525909     3.09   0.002     .0593473    .2654999
       p16_8 |  -.0041711    .058359    -0.07   0.943    -.1185526    .1102103
       p17_8 |    .038972   .0226424     1.72   0.085    -.0054063    .0833502
         M_8 |   .7070732   .0162747    43.45   0.000     .6751753     .738971
        x1_8 |  -.1043173    .034753    -3.00   0.003    -.1724319   -.0362028
        x2_8 |  -.1027356   .0087634   -11.72   0.000    -.1199115   -.0855597
        x3_8 |   .0163378   .0271424     0.60   0.547    -.0368604     .069536
      cons_8 |  -6.669038   1.264192    -5.28   0.000    -9.146809   -4.191267
        p1_9 |  -.1844351   .0761415    -2.42   0.015    -.3336697   -.0352005
        p2_9 |  -.2118343   .1967334    -1.08   0.282    -.5974247     .173756
        p3_9 |    .039926   .0481542     0.83   0.407    -.0544545    .1343065
        p4_9 |  -.2434391   .0779369    -3.12   0.002    -.3961927   -.0906855
        p5_9 |  -.0156975   .1376218    -0.11   0.909    -.2854312    .2540363
        p6_9 |   .1718849   .0729001     2.36   0.018     .0290034    .3147664
        p7_9 |   -.129118   .1239914    -1.04   0.298    -.3721367    .1139008
        p8_9 |   .1283426   .0745643     1.72   0.085    -.0178007    .2744859
        p9_9 |  -.3412532   .1013169    -3.37   0.001    -.5398308   -.1426756
       p10_9 |  -.0876822   .0619132    -1.42   0.157    -.2090299    .0336655
       p11_9 |  -.0007834   .0449679    -0.02   0.986    -.0889189    .0873521
       p12_9 |   .0237663   .1662669     0.14   0.886    -.3021109    .3496435
       p13_9 |  -.0076842    .027771    -0.28   0.782    -.0621144     .046746
       p14_9 |   -.186284   .1081704    -1.72   0.085    -.3982942    .0257261
       p15_9 |   .0513189   .0736698     0.70   0.486    -.0930713     .195709
       p16_9 |   -.055373   .0785955    -0.70   0.481    -.2094174    .0986714
       p17_9 |   .0180297   .0320397     0.56   0.574     -.044767    .0808265
         M_9 |   .8580926   .0203639    42.14   0.000     .8181801    .8980051
        x1_9 |   -.108692    .045544    -2.39   0.017    -.1979566   -.0194274
        x2_9 |  -.0835137   .0125845    -6.64   0.000    -.1081789   -.0588485
        x3_9 |  -.0654834   .0390815    -1.68   0.094    -.1420817    .0111149
      cons_9 |  -.8382191   1.688131    -0.50   0.620    -4.146895    2.470457
       p1_10 |   .0527544   .0539039     0.98   0.328    -.0528954    .1584042
       p2_10 |   .1966808   .1444381     1.36   0.173    -.0864126    .4797743
       p3_10 |   .0743287   .0334358     2.22   0.026     .0087958    .1398617
       p4_10 |   .0192764   .0570882     0.34   0.736    -.0926144    .1311673
       p5_10 |  -.0970552   .0990847    -0.98   0.327    -.2912576    .0971471
       p6_10 |   .0996468   .0501075     1.99   0.047     .0014379    .1978558
       p7_10 |   .0327419   .0899784     0.36   0.716    -.1436124    .2090963
       p8_10 |  -.0132437   .0527469    -0.25   0.802    -.1166258    .0901383
       p9_10 |   .1180499   .0725493     1.63   0.104     -.024144    .2602439
      p10_10 |   .0397291   .0427494     0.93   0.353    -.0440582    .1235164
      p11_10 |   .0245199   .0306664     0.80   0.424    -.0355852     .084625
      p12_10 |  -.1798965   .1202999    -1.50   0.135      -.41568    .0558871
      p13_10 |  -.0085197   .0195181    -0.44   0.662    -.0467745    .0297351
      p14_10 |    .109093   .0777805     1.40   0.161    -.0433539      .26154
      p15_10 |  -.0296936   .0511201    -0.58   0.561    -.1298872       .0705
      p16_10 |  -.0747326   .0565226    -1.32   0.186    -.1855147    .0360496
      p17_10 |  -.0257577   .0220695    -1.17   0.243    -.0690131    .0174978
        M_10 |   .8592544   .0174893    49.13   0.000     .8249759    .8935329
       x1_10 |  -.1019776   .0349024    -2.92   0.003     -.170385   -.0335702
       x2_10 |  -.0699037   .0085661    -8.16   0.000    -.0866929   -.0531144
       x3_10 |   .0046738   .0261063     0.18   0.858    -.0464937    .0558412
     cons_10 |  -11.83918   1.241188    -9.54   0.000    -14.27187   -9.406499
       p1_11 |   .0959531   .0539179     1.78   0.075     -.009724    .2016302
       p2_11 |   .2623718   .1458338     1.80   0.072    -.0234573    .5482009
       p3_11 |   .0806438   .0334126     2.41   0.016     .0151564    .1461313
       p4_11 |   .1609097   .0577107     2.79   0.005     .0477988    .2740206
       p5_11 |  -.0724907   .1000713    -0.72   0.469     -.268627    .1236455
       p6_11 |   .0633598    .049814     1.27   0.203    -.0342738    .1609934
       p7_11 |   .1069572   .0898759     1.19   0.234    -.0691964    .2831107
       p8_11 |   .3517297   .0529196     6.65   0.000     .2480091    .4554502
       p9_11 |   .2699242   .0732668     3.68   0.000     .1263239    .4135245
      p10_11 |   .2125523   .0427336     4.97   0.000     .1287961    .2963086
      p11_11 |  -.1004852   .0304875    -3.30   0.001    -.1602397   -.0407308
      p12_11 |    .073253   .1209057     0.61   0.545     -.163718    .3102239
      p13_11 |   .0030847    .019291     0.16   0.873    -.0347249    .0408943
      p14_11 |   .1115531   .0775041     1.44   0.150    -.0403521    .2634583
      p15_11 |   .0664766   .0511339     1.30   0.194    -.0337439    .1666971
      p16_11 |  -.0141119   .0563288    -0.25   0.802    -.1245144    .0962905
      p17_11 |  -.0367844   .0220683    -1.67   0.096    -.0800375    .0064688
        M_11 |   .6542562   .0160911    40.66   0.000     .6227182    .6857942
       x1_11 |   .1251273   .0353923     3.54   0.000     .0557597    .1944949
       x2_11 |   .0545348   .0086172     6.33   0.000     .0376455    .0714242
       x3_11 |  -.0346463   .0261913    -1.32   0.186    -.0859803    .0166878
     cons_11 |  -19.13148   1.261925   -15.16   0.000     -21.6048   -16.65815
       p1_12 |   .1477212   .0589496     2.51   0.012     .0321821    .2632602
       p2_12 |   .3696419   .1625977     2.27   0.023     .0509562    .6883275
       p3_12 |   .0578009   .0365019     1.58   0.113    -.0137415    .1293432
       p4_12 |  -.0460955   .0635152    -0.73   0.468    -.1705831    .0783921
       p5_12 |  -.1078802   .1077371    -1.00   0.317    -.3190411    .1032807
       p6_12 |   .0386403   .0549883     0.70   0.482    -.0691348    .1464153
       p7_12 |  -.1161515   .0971195    -1.20   0.232    -.3065023    .0741992
       p8_12 |  -.0356308   .0577202    -0.62   0.537    -.1487604    .0774988
       p9_12 |   .3446434   .0809732     4.26   0.000     .1859387     .503348
      p10_12 |    .265509   .0462777     5.74   0.000     .1748064    .3562117
      p11_12 |    .101558    .033526     3.03   0.002     .0358483    .1672676
      p12_12 |  -.2425888   .1334373    -1.82   0.069    -.5041211    .0189436
      p13_12 |  -.0342969    .020989    -1.63   0.102    -.0754345    .0068407
      p14_12 |   .1605816   .0855867     1.88   0.061    -.0071652    .3283284
      p15_12 |   .0150575   .0562746     0.27   0.789    -.0952387    .1253537
      p16_12 |   .1378858   .0635487     2.17   0.030     .0133327     .262439
      p17_12 |   -.026761   .0240188    -1.11   0.265    -.0738371     .020315
        M_12 |    .682807   .0166111    41.11   0.000     .6502499    .7153641
       x1_12 |   .2284248   .0409919     5.57   0.000     .1480822    .3087674
       x2_12 |   .0671352   .0097325     6.90   0.000     .0480599    .0862105
       x3_12 |  -.0445651   .0295067    -1.51   0.131    -.1023972     .013267
     cons_12 |  -14.16734   1.390784   -10.19   0.000    -16.89323   -11.44145
       p1_13 |  -.0261312   .0531392    -0.49   0.623    -.1302822    .0780198
       p2_13 |   .0293484   .1425199     0.21   0.837    -.2499855    .3086823
       p3_13 |     .01805   .0330545     0.55   0.585    -.0467357    .0828357
       p4_13 |  -.1543829   .0562772    -2.74   0.006    -.2646843   -.0440816
       p5_13 |  -.0975735   .0974303    -1.00   0.317    -.2885334    .0933863
       p6_13 |   .1870571   .0495131     3.78   0.000     .0900133    .2841009
       p7_13 |   .2539559   .0892867     2.84   0.004     .0789571    .4289546
       p8_13 |   .2448217   .0521654     4.69   0.000     .1425793    .3470641
       p9_13 |   .4141698   .0722817     5.73   0.000     .2725004    .5558393
      p10_13 |    .075608   .0422908     1.79   0.074    -.0072804    .1584964
      p11_13 |   .0172308   .0301132     0.57   0.567      -.04179    .0762517
      p12_13 |   .1478515   .1198078     1.23   0.217    -.0869674    .3826704
      p13_13 |   .0902667   .0191358     4.72   0.000     .0527612    .1277723
      p14_13 |    .176142    .076661     2.30   0.022     .0258892    .3263948
      p15_13 |  -.1889943    .050499    -3.74   0.000    -.2879706    -.090018
      p16_13 |  -.0166335   .0555762    -0.30   0.765    -.1255607    .0922938
      p17_13 |   .0046732   .0217507     0.21   0.830    -.0379574    .0473038
        M_13 |   .6947329   .0159604    43.53   0.000     .6634512    .7260147
       x1_13 |   .0504342   .0344823     1.46   0.144    -.0171498    .1180182
       x2_13 |   -.066831   .0083817    -7.97   0.000    -.0832587   -.0504032
       x3_13 |   .0143542   .0258546     0.56   0.579      -.03632    .0650284
     cons_13 |  -15.59519   1.235146   -12.63   0.000    -18.01603   -13.17435
       p1_14 |   .0577152   .0685795     0.84   0.400    -.0766981    .1921284
       p2_14 |   -.005915   .1780477    -0.03   0.973    -.3548822    .3430521
       p3_14 |   .0058637   .0422774     0.14   0.890    -.0769985    .0887259
       p4_14 |  -.0873078   .0708075    -1.23   0.218     -.226088    .0514724
       p5_14 |  -.2607196   .1243704    -2.10   0.036    -.5044812   -.0169581
       p6_14 |  -.0083653   .0630485    -0.13   0.894     -.131938    .1152075
       p7_14 |   .0255581   .1124755     0.23   0.820    -.1948898     .246006
       p8_14 |   .1390022   .0659578     2.11   0.035     .0097273    .2682772
       p9_14 |  -.0325347   .0916486    -0.35   0.723    -.2121626    .1470932
      p10_14 |  -.0601737   .0546359    -1.10   0.271    -.1672581    .0469106
      p11_14 |  -.1705127   .0391102    -4.36   0.000    -.2471672   -.0938582
      p12_14 |   .0863562    .153817     0.56   0.575    -.2151197     .387832
      p13_14 |   .1013379   .0248071     4.09   0.000     .0527169    .1499589
      p14_14 |   .1902907    .096817     1.97   0.049      .000533    .3800485
      p15_14 |  -.0371954   .0653646    -0.57   0.569    -.1653077    .0909168
      p16_14 |  -.0775761   .0696523    -1.11   0.265    -.2140921    .0589399
      p17_14 |  -.0498019   .0280035    -1.78   0.075    -.1046878     .005084
        M_14 |    .589861   .0171916    34.31   0.000      .556166     .623556
       x1_14 |   .2524347   .0491064     5.14   0.000     .1561879    .3486815
       x2_14 |   .1812018   .0124778    14.52   0.000     .1567457    .2056579
       x3_14 |  -.0061045   .0353566    -0.17   0.863    -.0754022    .0631931
     cons_14 |  -3.663569    1.56079    -2.35   0.019    -6.722661   -.6044774
       p1_15 |  -.2366591   .0547298    -4.32   0.000    -.3439275   -.1293907
       p2_15 |  -.3403564   .1461548    -2.33   0.020    -.6268145   -.0538983
       p3_15 |   .0291283   .0341476     0.85   0.394    -.0377999    .0960564
       p4_15 |  -.0728745   .0578339    -1.26   0.208    -.1862269    .0404779
       p5_15 |  -.1933891   .1004417    -1.93   0.054    -.3902511    .0034729
       p6_15 |  -.1002492   .0506621    -1.98   0.048    -.1995451   -.0009532
       p7_15 |   .0067044   .0914939     0.07   0.942    -.1726204    .1860292
       p8_15 |  -.1156874   .0536986    -2.15   0.031    -.2209347     -.01044
       p9_15 |   .0365545   .0742102     0.49   0.622    -.1088949    .1820039
      p10_15 |   .0461749   .0439626     1.05   0.294    -.0399902      .13234
      p11_15 |   .0002578   .0315424     0.01   0.993    -.0615643    .0620798
      p12_15 |   .0546106   .1237429     0.44   0.659    -.1879211    .2971423
      p13_15 |  -.0741033   .0198166    -3.74   0.000    -.1129431   -.0352636
      p14_15 |   .0279311   .0791814     0.35   0.724    -.1272616    .1831238
      p15_15 |   .0388892   .0519725     0.75   0.454     -.062975    .1407534
      p16_15 |   .0813643   .0574874     1.42   0.157    -.0313091    .1940376
      p17_15 |  -.0176002    .022418    -0.79   0.432    -.0615387    .0263382
        M_15 |   .7981479   .0169938    46.97   0.000     .7648407    .8314551
       x1_15 |  -.1726468   .0353645    -4.88   0.000    -.2419601   -.1033336
       x2_15 |  -.0355795   .0088567    -4.02   0.000    -.0529383   -.0182208
       x3_15 |  -.0364915   .0267867    -1.36   0.173    -.0889924    .0160094
     cons_15 |  -3.089761    1.25297    -2.47   0.014    -5.545537   -.6339853
       p1_16 |  -.0917969   .0540658    -1.70   0.090    -.1977638    .0141701
       p2_16 |  -.5800357   .1464699    -3.96   0.000    -.8671114   -.2929599
       p3_16 |  -.0153918   .0336873    -0.46   0.648    -.0814177    .0506341
       p4_16 |  -.1277546    .057785    -2.21   0.027    -.2410111   -.0144981
       p5_16 |  -.4382442   .1008369    -4.35   0.000     -.635881   -.2406075
       p6_16 |   .0077728   .0498086     0.16   0.876    -.0898502    .1053958
       p7_16 |   .2206874    .090151     2.45   0.014     .0439947    .3973802
       p8_16 |  -.0205409   .0528846    -0.39   0.698    -.1241928    .0831111
       p9_16 |  -.0023409   .0726771    -0.03   0.974    -.1447854    .1401036
      p10_16 |   .0704311   .0431863     1.63   0.103    -.0142125    .1550748
      p11_16 |   .0744861   .0306469     2.43   0.015     .0144194    .1345529
      p12_16 |   .0209553   .1203771     0.17   0.862    -.2149794      .25689
      p13_16 |  -.0956319   .0197387    -4.84   0.000    -.1343191   -.0569448
      p14_16 |   .0385538   .0780091     0.49   0.621    -.1143412    .1914489
      p15_16 |  -.3016097   .0513977    -5.87   0.000    -.4023473    -.200872
      p16_16 |   .0281407   .0568055     0.50   0.620    -.0831961    .1394774
      p17_16 |  -.0110536     .02194    -0.50   0.614    -.0540552     .031948
        M_16 |   .5718882   .0171697    33.31   0.000     .5382362    .6055403
       x1_16 |  -.1714743    .037139    -4.62   0.000    -.2442654   -.0986832
       x2_16 |   -.028373   .0084281    -3.37   0.001    -.0448917   -.0118542
       x3_16 |  -.0630207   .0256453    -2.46   0.014    -.1132846   -.0127568
     cons_16 |   1.695708   1.247577     1.36   0.174    -.7494976    4.140913
       p1_17 |   .0684246   .0794817     0.86   0.389    -.0873567    .2242058
       p2_17 |   -.018715   .2042915    -0.09   0.927    -.4191189    .3816889
       p3_17 |    .048674   .0502186     0.97   0.332    -.0497526    .1471006
       p4_17 |   .0133008   .0830874     0.16   0.873    -.1495474    .1761491
       p5_17 |   .2557018   .1451966     1.76   0.078    -.0288783     .540282
       p6_17 |   -.100851   .0732844    -1.38   0.169    -.2444858    .0427838
       p7_17 |   .0253197   .1331927     0.19   0.849    -.2357332    .2863726
       p8_17 |  -.0110718   .0765962    -0.14   0.885    -.1611976     .139054
       p9_17 |   .0068583   .1056849     0.06   0.948    -.2002802    .2139969
      p10_17 |   .1740824   .0639487     2.72   0.006     .0487452    .2994196
      p11_17 |   .0799557   .0461883     1.73   0.083    -.0105717    .1704831
      p12_17 |  -.2884549   .1793385    -1.61   0.108     -.639952    .0630421
      p13_17 |  -.0661743   .0298115    -2.22   0.026    -.1246038   -.0077447
      p14_17 |  -.0568205   .1123872    -0.51   0.613    -.2770953    .1634544
      p15_17 |  -.0842411    .075284    -1.12   0.263    -.2317952    .0633129
      p16_17 |  -.0923655   .0832782    -1.11   0.267    -.2555878    .0708568
      p17_17 |  -.0137361   .0327937    -0.42   0.675    -.0780106    .0505383
        M_17 |   .6183543    .028189    21.94   0.000     .5631048    .6736037
       x1_17 |  -.2670941   .0637894    -4.19   0.000     -.392119   -.1420693
       x2_17 |  -.1045083   .0127207    -8.22   0.000    -.1294403   -.0795763
       x3_17 |   .0529039   .0359534     1.47   0.141    -.0175635    .1233713
     cons_17 |  -8.697682   1.778381    -4.89   0.000    -12.18324    -5.21212
------------------------------------------------------------------------------

. log close
      name:  <unnamed>
       log:  C:\Users\grace.meloguerrero\OneDrive - Texas A&M AgriLife\Documents\GitHub\quaidsce\log\censor2.log
  log type:  text
 closed on:  10 Nov 2021, 18:01:13
-----------------------------------------------------------------------------------------------------------------------------------------------------------------------------------------------------------
