----------------------------------------------------------------------------------------------------------------------
      name:  <unnamed>
       log:  C:\Users\grace.meloguerrero\OneDrive - Texas A&M AgriLife\Documents\GitHub\quaidsce\log\censor_uncomp_ela
> st_v.log
  log type:  text
 opened on:  11 Nov 2021, 18:06:30

. estat uncomp

. mat define unce_quaidsce=  r(elas_u)

. mat list unce_quaidsce

unce_quaidsce[17,17]
             c1          c2          c3          c4          c5          c6          c7          c8          c9
 r1  -1.0150019   .15277937  -.01508914  -.02427596  -.04568176  -.06223273   .37908728  -.24908194   .23644245
 r2  -.11695973   .65743739   -.0607942     .890853   -.2821502   .14509591   .20239407    .0870643   1.1082755
 r3  -.01030036  -.00682375  -.96026322  -.00098406  -.03763163   .04445943  -.01527905  -.00091441   .05554697
 r4  -.01685547  -.00896367  -.01670285  -1.0523532   .09382083   .04571898  -.04051257  -.03069435  -.11685663
 r5  -.00579213  -.03035302   .00128493  -.02193436  -.98594731   .02386608   .00889696   .00929599  -.02489227
 r6  -.00117277  -.05350547   .00838772   .03096559   .07271144  -1.1202003   .06297839  -.17917384   .05947275
 r7  -.18589682  -.00856554   .09416233   .48933872  -.13822195  -.10303507  -1.1688564  -.20211831   .87263264
 r8  -.01849193  -.06043143   .00021841   .03934342  -.03338057  -.01841408   .02516135  -.99074161    .0481076
 r9   .11639808   .31465061   .03038484  -.17180355   .09155296   .03207996   -.2050343   .11729814  -1.1602026
r10  -.03217905  -.07594028  -.14297369  -.08656963   .31139065  -.14849331  -.12361261  -.25713136   .05887106
r11   .23189945   1.4209566   .07903063  -1.1536137   .76615121  -.88889101   .07563135   .57049554   -.2443848
r12  -.00567032  -.01475426  -.00640594  -.02989431   .02055494   .01564706  -.01304018  -.00983221   .01661511
r13  -.02741206  -.31567334  -.01418178   .33573614  -.17757001   .09329076   .06121605  -.02032773   .36073794
r14  -.00467076  -.05534916  -.01075486   .01138899  -.01297977   -.0085375   .02131221   .01215185  -.02638547
r15   .22839089   .80762815   .03288207  -.92742422   .94249728   .43284814  -.37015462   .37953647  -.91623121
r16   .19886237   .17057041   .03555801  -.18714855   .69322695   .13370786  -.42621522  -.11460627  -.49820557
r17  -.25092675  -.06012227   .02278916  -.51554955  -.12257847  -.27180751  -.13432694    .0616724   .35312677

            c10         c11         c12         c13         c14         c15         c16         c17
 r1    .0030337   .23189945   1.4209566   .07903063  -1.1536137   .76615121  -.88889101   .07563135
 r2  -.14986903   .15757106   1.2392765  -.16803511   .35466688  -.11227445  -.12278631   .10891566
 r3   .03547014   .00811829   .01206253  -.01115336  -.00733756  -.02780838  -.01633465  -.00419803
 r4  -.00292092  -.01753273  -.11483444   .01688588  -.03332478   .03805411   .00378647   .01558576
 r5    .0082094  -.00704527   -.0006962  -.00047617   .01695422   .00767071   .00406658  -.00429805
 r6    .0371165  -.04990239  -.11074756   .00717727  -.15852481  -.05197438  -.03866197   .02438585
 r7  -.21526882   .00041555   .53202421  -.00495158   .00906916  -.21551995  -.14297298  -.04288652
 r8   .01544834   .01238979   .03661016  -.01140458   .03244872  -.02966974  -.00716834  -.00363313
 r9  -.02763395   -.0217841    .0927472   .05093518   .00035081   .11064423   .09815265  -.03844789
r10  -.87708848   .00145041  -.18949321  -.01502467  -.16002519   .04040277   .07522621  -.00309542
r11   .04412071  -1.0608006  -.39882931  -.02603541  -1.0237717   .32627174  -.16428532   .24427443
r12   .00442342   .00220053   -1.039416   .00587901  -.00119717   .00726382   .00293546  -.01058479
r13    .0531848  -.00712305   .47832959  -1.0030796   .12150158  -.15436327  -.04504853  -.03751267
r14  -.00585039  -.01966966   .00517563  -.00014472  -.96353621   .00009487   .00604779  -.00308903
r15   .05142349  -.10405594  -.99667126   .19177784  -.41350122  -.88124379   .02831761   .07021753
r16   .09662736   .03802183  -.57029183   .08494733  -.44364262   .24154534  -.74476891   .00190898
r17  -.13165175   -.2009686   .63774337   .09466907   -.0036511   .11218866    .0136105  -.84832706

. 
end of do-file

