----------------------------------------------------------------------------------------------------------------------------------------------------
      name:  <unnamed>
       log:  C:\Users\grace.meloguerrero\OneDrive - Texas A&M AgriLife\Documents\GitHub\quaidsce\log\censor.log
  log type:  text
 opened on:   9 Nov 2021, 14:57:22

. quaidsce w1-w17, anot(10) prices(p1-p17) expenditure(total) nolog demographics(x1-x3) method(nls) 
(obs = 15,147)
Calculating NLS estimates...

Censored Quadratic AIDS model
--------------------
Number of obs          =      15147
Number of demographics =          3
Alpha_0                =         10
Log-likelihood         =  422171.41

------------------------------------------------------------------------------
             | Coefficient  Std. err.      z    P>|z|     [95% conf. interval]
-------------+----------------------------------------------------------------
alpha        |
     alpha_1 |   .0182662   .0103352     1.77   0.077    -.0019905    .0385229
     alpha_2 |   .0443421   .0454986     0.97   0.330    -.0448335    .1335176
     alpha_3 |   .0164038   .0071904     2.28   0.023     .0023108    .0304967
     alpha_4 |   .1301118   .0317639     4.10   0.000     .0678557    .1923679
     alpha_5 |    .032825   .0182215     1.80   0.072    -.0028885    .0685386
     alpha_6 |   .0785905   .0136768     5.75   0.000     .0517846    .1053965
     alpha_7 |   .0870396   .0126236     6.90   0.000     .0622979    .1117813
     alpha_8 |   .0490518   .0128427     3.82   0.000     .0238807     .074223
     alpha_9 |  -.1349891   .0280401    -4.81   0.000    -.1899466   -.0800315
    alpha_10 |   .0229286   .0095993     2.39   0.017     .0041143    .0417429
    alpha_11 |   .0538186    .010486     5.13   0.000     .0332664    .0743709
    alpha_12 |   .3071062   .0186249    16.49   0.000      .270602    .3436104
    alpha_13 |   .0910968   .0096483     9.44   0.000     .0721865     .110007
    alpha_14 |  -.0101441   .0244642    -0.41   0.678    -.0580932    .0378049
    alpha_15 |   .0111456   .0093067     1.20   0.231    -.0070953    .0293864
    alpha_16 |   .0083667   .0069815     1.20   0.231    -.0053168    .0220501
    alpha_17 |  -.0057857   .0063747    -0.91   0.364    -.0182799    .0067085
-------------+----------------------------------------------------------------
beta         |
      beta_1 |   .0003414   .0033037     0.10   0.918    -.0061336    .0068165
      beta_2 |    .026621   .0092666     2.87   0.004     .0084588    .0447832
      beta_3 |  -.0176557   .0030835    -5.73   0.000    -.0236992   -.0116122
      beta_4 |  -.0696552   .0097227    -7.16   0.000    -.0887114    -.050599
      beta_5 |  -.0309452   .0044665    -6.93   0.000    -.0396993   -.0221912
      beta_6 |  -.0071835   .0044243    -1.62   0.104     -.015855     .001488
      beta_7 |  -.0138929   .0032961    -4.21   0.000     -.020353   -.0074327
      beta_8 |  -.0178241   .0039208    -4.55   0.000    -.0255087   -.0101396
      beta_9 |  -.0595678   .0079132    -7.53   0.000    -.0750774   -.0440581
     beta_10 |  -.0060155   .0034963    -1.72   0.085    -.0128681    .0008371
     beta_11 |  -.0094586   .0043103    -2.19   0.028    -.0179066   -.0010105
     beta_12 |   .0159136   .0052982     3.00   0.003     .0055292     .026298
     beta_13 |  -.0006551   .0038461    -0.17   0.865    -.0081933    .0068831
     beta_14 |    .010795   .0061596     1.75   0.080    -.0012776    .0228677
     beta_15 |  -.0008835   .0027826    -0.32   0.751    -.0063373    .0045703
     beta_16 |  -.0047422   .0023107    -2.05   0.040    -.0092712   -.0002132
     beta_17 |   .0019948   .0014176     1.41   0.159    -.0007836    .0047732
-------------+----------------------------------------------------------------
gamma        |
   gamma_1_1 |  -.0101008    .002407    -4.20   0.000    -.0148185   -.0053832
   gamma_2_1 |  -.0102978   .0038503    -2.67   0.007    -.0178443   -.0027513
   gamma_3_1 |   .0018353   .0010846     1.69   0.091    -.0002903     .003961
   gamma_4_1 |   .0024278   .0023907     1.02   0.310     -.002258    .0071135
   gamma_5_1 |   .0032054   .0024907     1.29   0.198    -.0016763     .008087
   gamma_6_1 |   .0029914    .001845     1.62   0.105    -.0006247    .0066076
   gamma_7_1 |   .0033155    .002173     1.53   0.127    -.0009435    .0075745
   gamma_8_1 |  -.0003278   .0018556    -0.18   0.860    -.0039646     .003309
   gamma_9_1 |   .0041107    .002586     1.59   0.112    -.0009577    .0091792
  gamma_10_1 |    .002451   .0014731     1.66   0.096    -.0004363    .0053382
  gamma_11_1 |   .0015543   .0012746     1.22   0.223    -.0009439    .0040525
  gamma_12_1 |    .007585   .0029042     2.61   0.009     .0018929     .013277
  gamma_13_1 |   -.003349   .0008404    -3.99   0.000    -.0049961   -.0017018
  gamma_14_1 |   .0023901   .0027052     0.88   0.377    -.0029121    .0076923
  gamma_15_1 |  -.0071957    .001598    -4.50   0.000    -.0103276   -.0040638
  gamma_16_1 |   -.001864   .0011803    -1.58   0.114    -.0041774    .0004494
  gamma_17_1 |   .0012686   .0006886     1.84   0.065     -.000081    .0026182
   gamma_2_2 |   .0211944   .0122415     1.73   0.083    -.0027986    .0451873
   gamma_3_2 |   .0020818   .0024958     0.83   0.404    -.0028099    .0069735
   gamma_4_2 |  -.0358885   .0053271    -6.74   0.000    -.0463293   -.0254477
   gamma_5_2 |  -.0073237   .0059136    -1.24   0.216    -.0189141    .0042667
   gamma_6_2 |   .0080436    .003935     2.04   0.041     .0003311    .0157561
   gamma_7_2 |   .0267662   .0050728     5.28   0.000     .0168236    .0367088
   gamma_8_2 |   -.023148   .0040448    -5.72   0.000    -.0310756   -.0152204
   gamma_9_2 |  -.0318918   .0057692    -5.53   0.000    -.0431993   -.0205844
  gamma_10_2 |  -.0195385   .0031684    -6.17   0.000    -.0257484   -.0133286
  gamma_11_2 |   .0025678   .0026375     0.97   0.330    -.0026016    .0077372
  gamma_12_2 |   .0688338   .0066454    10.36   0.000     .0558091    .0818585
  gamma_13_2 |   .0005859   .0017891     0.33   0.743    -.0029207    .0040925
  gamma_14_2 |  -.0038812   .0059352    -0.65   0.513     -.015514    .0077517
  gamma_15_2 |  -.0078153   .0034242    -2.28   0.022    -.0145267   -.0011039
  gamma_16_2 |   .0059118   .0028072     2.11   0.035     .0004098    .0114138
  gamma_17_2 |   .0037996    .001609     2.36   0.018      .000646    .0069532
   gamma_3_3 |  -.0031832   .0009911    -3.21   0.001    -.0051257   -.0012408
   gamma_4_3 |   .0020762   .0015566     1.33   0.182    -.0009747    .0051271
   gamma_5_3 |   .0026973   .0016139     1.67   0.095    -.0004659    .0058604
   gamma_6_3 |  -.0004945   .0011993    -0.41   0.680    -.0028451    .0018561
   gamma_7_3 |  -.0016215   .0013684    -1.18   0.236    -.0043035    .0010605
   gamma_8_3 |  -.0020778   .0011843    -1.75   0.079     -.004399    .0002435
   gamma_9_3 |   .0034123    .001743     1.96   0.050    -3.88e-06    .0068284
  gamma_10_3 |  -.0010168   .0009818    -1.04   0.300     -.002941    .0009074
  gamma_11_3 |   -.000068   .0008192    -0.08   0.934    -.0016736    .0015376
  gamma_12_3 |  -.0021636   .0019096    -1.13   0.257    -.0059065    .0015792
  gamma_13_3 |  -.0008984   .0005523    -1.63   0.104    -.0019809     .000184
  gamma_14_3 |  -.0026091   .0017287    -1.51   0.131    -.0059973     .000779
  gamma_15_3 |   .0015256   .0009744     1.57   0.117    -.0003842    .0034353
  gamma_16_3 |   .0005535   .0007348     0.75   0.451    -.0008867    .0019936
  gamma_17_3 |  -.0000489   .0004395    -0.11   0.911    -.0009104    .0008125
   gamma_4_4 |   .0012619   .0065901     0.19   0.848    -.0116545    .0141784
   gamma_5_4 |  -.0033095   .0031421    -1.05   0.292     -.009468    .0028489
   gamma_6_4 |   .0096308   .0030763     3.13   0.002     .0036014    .0156603
   gamma_7_4 |   .0059086   .0027189     2.17   0.030     .0005796    .0112376
   gamma_8_4 |   .0033505   .0028949     1.16   0.247    -.0023234    .0090244
   gamma_9_4 |   .0080096   .0041213     1.94   0.052     -.000068    .0160871
  gamma_10_4 |  -.0016829   .0021292    -0.79   0.429    -.0058561    .0024903
  gamma_11_4 |   .0071371   .0023439     3.05   0.002     .0025432     .011731
  gamma_12_4 |  -.0003392   .0040437    -0.08   0.933    -.0082647    .0075863
  gamma_13_4 |   .0021426   .0018445     1.16   0.245    -.0014726    .0057578
  gamma_14_4 |  -.0017781   .0041015    -0.43   0.665     -.009817    .0062607
  gamma_15_4 |   .0013935   .0020719     0.67   0.501    -.0026672    .0054543
  gamma_16_4 |  -.0025316    .001428    -1.77   0.076    -.0053305    .0002673
  gamma_17_4 |   .0021913   .0009495     2.31   0.021     .0003304    .0040522
   gamma_5_5 |  -.0284909   .0054655    -5.21   0.000     -.039203   -.0177787
   gamma_6_5 |  -.0003683   .0025069    -0.15   0.883    -.0052818    .0045452
   gamma_7_5 |   .0006335   .0033924     0.19   0.852    -.0060156    .0072825
   gamma_8_5 |   .0112268    .002551     4.40   0.000     .0062269    .0162267
   gamma_9_5 |   .0257865   .0036186     7.13   0.000     .0186942    .0328788
  gamma_10_5 |   .0093152   .0020742     4.49   0.000       .00525    .0133805
  gamma_11_5 |   .0087768   .0017028     5.15   0.000     .0054394    .0121143
  gamma_12_5 |  -.0164007   .0043421    -3.78   0.000     -.024911   -.0078904
  gamma_13_5 |  -.0017757   .0010864    -1.63   0.102    -.0039049    .0003536
  gamma_14_5 |   .0018195   .0038256     0.48   0.634    -.0056786    .0093176
  gamma_15_5 |   .0011262   .0022679     0.50   0.619    -.0033188    .0055712
  gamma_16_5 |  -.0068372   .0019964    -3.42   0.001    -.0107501   -.0029244
  gamma_17_5 |  -.0000812   .0010015    -0.08   0.935    -.0020442    .0018817
   gamma_6_6 |  -.0209002   .0031115    -6.72   0.000    -.0269986   -.0148018
   gamma_7_6 |  -.0046711   .0022003    -2.12   0.034    -.0089836   -.0003585
   gamma_8_6 |  -.0052022    .002136    -2.44   0.015    -.0093888   -.0010157
   gamma_9_6 |   .0106754   .0030407     3.51   0.000     .0047158     .016635
  gamma_10_6 |    .001798   .0016494     1.09   0.276    -.0014346    .0050307
  gamma_11_6 |  -.0004391   .0015947    -0.28   0.783    -.0035648    .0026865
  gamma_12_6 |  -.0018772   .0031866    -0.59   0.556    -.0081228    .0043684
  gamma_13_6 |  -.0015599   .0011259    -1.39   0.166    -.0037667    .0006469
  gamma_14_6 |   .0028963   .0030682     0.94   0.345    -.0031172    .0089098
  gamma_15_6 |   .0002255   .0016173     0.14   0.889    -.0029443    .0033954
  gamma_16_6 |   .0003315   .0011642     0.28   0.776    -.0019503    .0026134
  gamma_17_6 |  -.0010801   .0007504    -1.44   0.150    -.0025509    .0003907
   gamma_7_7 |  -.0217006   .0042453    -5.11   0.000    -.0300213   -.0133799
   gamma_8_7 |  -.0033473   .0022531    -1.49   0.137    -.0077633    .0010688
   gamma_9_7 |   .0112211   .0031433     3.57   0.000     .0050602    .0173819
  gamma_10_7 |     .00313    .001832     1.71   0.088    -.0004607    .0067207
  gamma_11_7 |  -.0007838   .0014385    -0.54   0.586    -.0036032    .0020356
  gamma_12_7 |  -.0252386   .0039892    -6.33   0.000    -.0330573     -.01742
  gamma_13_7 |  -.0002599   .0009528    -0.27   0.785    -.0021275    .0016076
  gamma_14_7 |   .0037758   .0033029     1.14   0.253    -.0026978    .0102495
  gamma_15_7 |   .0037816   .0019758     1.91   0.056    -.0000908     .007654
  gamma_16_7 |    .000187   .0017117     0.11   0.913    -.0031679    .0035419
  gamma_17_7 |  -.0010965   .0008872    -1.24   0.216    -.0028353    .0006424
   gamma_8_8 |    .019389   .0030422     6.37   0.000     .0134263    .0253517
   gamma_9_8 |  -.0134414   .0033359    -4.03   0.000    -.0199797   -.0069031
  gamma_10_8 |   .0009924   .0016111     0.62   0.538    -.0021652      .00415
  gamma_11_8 |   -.004654   .0015224    -3.06   0.002    -.0076379   -.0016701
  gamma_12_8 |    .000245   .0031485     0.08   0.938    -.0059259    .0064159
  gamma_13_8 |   .0040047   .0010568     3.79   0.000     .0019335     .006076
  gamma_14_8 |   .0117083   .0030543     3.83   0.000      .005722    .0176946
  gamma_15_8 |   .0018794   .0016682     1.13   0.260    -.0013902    .0051491
  gamma_16_8 |  -.0001805   .0011935    -0.15   0.880    -.0025198    .0021588
  gamma_17_8 |  -.0004171    .000746    -0.56   0.576    -.0018793    .0010451
   gamma_9_9 |   -.058831   .0058403   -10.07   0.000    -.0702778   -.0473842
  gamma_10_9 |   .0063483   .0022739     2.79   0.005     .0018916    .0108051
  gamma_11_9 |   .0014282   .0021417     0.67   0.505    -.0027695    .0056259
  gamma_12_9 |   .0336613   .0045696     7.37   0.000      .024705    .0426177
  gamma_13_9 |   .0034408   .0014853     2.32   0.021     .0005296    .0063521
  gamma_14_9 |  -.0094582   .0042969    -2.20   0.028      -.01788   -.0010364
  gamma_15_9 |   .0051066   .0022744     2.25   0.025     .0006489    .0095644
  gamma_16_9 |   -.001478   .0016663    -0.89   0.375    -.0047438    .0017879
  gamma_17_9 |   .0018995   .0010438     1.82   0.069    -.0001462    .0039453
 gamma_10_10 |  -.0003172   .0018373    -0.17   0.863    -.0039182    .0032837
 gamma_11_10 |  -.0001317   .0011465    -0.11   0.909    -.0023788    .0021155
 gamma_12_10 |   .0015934    .002679     0.59   0.552    -.0036573    .0068442
 gamma_13_10 |  -.0022171   .0007699    -2.88   0.004    -.0037259   -.0007082
 gamma_14_10 |  -.0040437   .0023447    -1.72   0.085    -.0086393    .0005518
 gamma_15_10 |   .0035103   .0013043     2.69   0.007     .0009538    .0060667
 gamma_16_10 |    -.00091    .000972    -0.94   0.349    -.0028152    .0009952
 gamma_17_10 |   .0007192   .0006072     1.18   0.236    -.0004708    .0019093
 gamma_11_11 |  -.0070636   .0016892    -4.18   0.000    -.0103745   -.0037528
 gamma_12_11 |  -.0004173   .0021724    -0.19   0.848    -.0046751    .0038406
 gamma_13_11 |  -.0024857   .0009082    -2.74   0.006    -.0042658   -.0007055
 gamma_14_11 |   -.009021    .002145    -4.21   0.000    -.0132252   -.0048169
 gamma_15_11 |   .0020876   .0010946     1.91   0.056    -.0000578     .004233
 gamma_16_11 |   .0005339   .0007795     0.68   0.493    -.0009939    .0020617
 gamma_17_11 |   .0009785   .0005129     1.91   0.056    -.0000268    .0019837
 gamma_12_12 |  -.0777988   .0079676    -9.76   0.000    -.0934149   -.0621826
 gamma_13_12 |  -.0020227   .0014186    -1.43   0.154    -.0048031    .0007577
 gamma_14_12 |   .0077115   .0046498     1.66   0.097    -.0014019    .0168249
 gamma_15_12 |   .0023612    .002604     0.91   0.365    -.0027425    .0074649
 gamma_16_12 |   .0065887   .0021964     3.00   0.003     .0022838    .0108935
 gamma_17_12 |  -.0023218   .0011879    -1.95   0.051      -.00465    6.41e-06
 gamma_13_13 |  -.0043549   .0010481    -4.15   0.000    -.0064092   -.0023006
 gamma_14_13 |   .0142302     .00153     9.30   0.000     .0112314     .017229
 gamma_15_13 |  -.0038037   .0007206    -5.28   0.000    -.0052162   -.0023913
 gamma_16_13 |  -.0011752   .0004866    -2.42   0.016    -.0021289   -.0002215
 gamma_17_13 |   -.000502   .0003363    -1.49   0.135     -.001161    .0001571
 gamma_14_14 |  -.0088901   .0061467    -1.45   0.148    -.0209374    .0031573
 gamma_15_14 |  -.0015803   .0024035    -0.66   0.511    -.0062912    .0031305
 gamma_16_14 |  -.0004305   .0017561    -0.25   0.806    -.0038723    .0030113
 gamma_17_14 |  -.0028394   .0011053    -2.57   0.010    -.0050057   -.0006731
 gamma_15_15 |  -.0031439   .0019456    -1.62   0.106    -.0069573    .0006694
 gamma_16_15 |     .00118   .0011668     1.01   0.312    -.0011069     .003467
 gamma_17_15 |  -.0006386   .0006237    -1.02   0.306     -.001861    .0005838
 gamma_16_16 |   .0010446   .0013694     0.76   0.446    -.0016394    .0037286
 gamma_17_16 |  -.0009239   .0004732    -1.95   0.051    -.0018513    3.56e-06
 gamma_17_17 |  -.0009072   .0003988    -2.27   0.023    -.0016889   -.0001255
-------------+----------------------------------------------------------------
lambda       |
    lambda_1 |  -.0000554   .0000882    -0.63   0.530    -.0002283    .0001174
    lambda_2 |   .0033637   .0004783     7.03   0.000     .0024262    .0043013
    lambda_3 |   -.000322   .0000671    -4.80   0.000    -.0004534   -.0001905
    lambda_4 |  -.0038481   .0004461    -8.63   0.000    -.0047224   -.0029737
    lambda_5 |   -.001506   .0002373    -6.35   0.000    -.0019711   -.0010409
    lambda_6 |  -.0000106   .0001389    -0.08   0.939    -.0002828    .0002617
    lambda_7 |  -.0005912   .0001184    -4.99   0.000    -.0008233   -.0003592
    lambda_8 |  -.0003039   .0001265    -2.40   0.016    -.0005518    -.000056
    lambda_9 |  -.0019315   .0003377    -5.72   0.000    -.0025934   -.0012697
   lambda_10 |   .0000438   .0000792     0.55   0.580    -.0001114     .000199
   lambda_11 |   .0005449   .0001344     4.05   0.000     .0002815    .0008083
   lambda_12 |   .0008752   .0002038     4.29   0.000     .0004758    .0012747
   lambda_13 |   .0007482   .0001328     5.64   0.000     .0004879    .0010084
   lambda_14 |  -.0000345    .000246    -0.14   0.889    -.0005166    .0004477
   lambda_15 |  -.0001485   .0000767    -1.94   0.053    -.0002989    1.91e-06
   lambda_16 |  -.0000476   .0000472    -1.01   0.313    -.0001402     .000045
   lambda_17 |   7.39e-06   .0000338     0.22   0.827    -.0000588    .0000736
-------------+----------------------------------------------------------------
delta        |
     delta_1 |   -.005872   .0210394    -0.28   0.780    -.0471085    .0353646
     delta_2 |  -.7061112   .1126646    -6.27   0.000    -.9269298   -.4852927
     delta_3 |  -.0851939   .0120508    -7.07   0.000    -.1088131   -.0615748
     delta_4 |   .4155381   .0675943     6.15   0.000     .2830557    .5480205
     delta_5 |   .2427206   .0362929     6.69   0.000     .1715878    .3138533
     delta_6 |  -.0923756   .0276111    -3.35   0.001    -.1464923   -.0382588
     delta_7 |   .0852105   .0223436     3.81   0.000     .0414178    .1290032
     delta_8 |   .0125247   .0304753     0.41   0.681    -.0472059    .0722552
     delta_9 |   .2064059     .06305     3.27   0.001     .0828302    .3299817
    delta_10 |  -.0705422   .0154095    -4.58   0.000    -.1007443   -.0403401
    delta_11 |  -.2356196    .014413   -16.35   0.000    -.2638687   -.2073706
    delta_12 |  -.1117243   .0317887    -3.51   0.000    -.1740289   -.0494196
    delta_13 |  -.1939441   .0153613   -12.63   0.000    -.2240518   -.1638364
    delta_14 |   .5029879   .0604279     8.32   0.000     .3845513    .6214245
    delta_15 |   .0480887   .0189182     2.54   0.011     .0110097    .0851676
    delta_16 |  -.0185705   .0122934    -1.51   0.131    -.0426651    .0055241
    delta_17 |   .0291139   .0107807     2.70   0.007     .0079841    .0502436
-------------+----------------------------------------------------------------
eta          |
    eta_x1_1 |  -.0009462   .0004207    -2.25   0.025    -.0017708   -.0001216
    eta_x1_2 |   .0016386   .0012847     1.28   0.202    -.0008794    .0041565
    eta_x1_3 |  -.0011928   .0002778    -4.29   0.000    -.0017374   -.0006483
    eta_x1_4 |    .010605   .0015495     6.84   0.000      .007568     .013642
    eta_x1_5 |   -.001868   .0005619    -3.32   0.001    -.0029693   -.0007666
    eta_x1_6 |  -.0018193    .000596    -3.05   0.002    -.0029874   -.0006511
    eta_x1_7 |   .0006766   .0004771     1.42   0.156    -.0002585    .0016118
    eta_x1_8 |   .0020904    .000604     3.46   0.001     .0009066    .0032742
    eta_x1_9 |   .0056589   .0008962     6.31   0.000     .0039024    .0074153
   eta_x1_10 |  -.0003334   .0004185    -0.80   0.426    -.0011536    .0004868
   eta_x1_11 |  -.0013294   .0005543    -2.40   0.016    -.0024159    -.000243
   eta_x1_12 |  -.0039577   .0006869    -5.76   0.000    -.0053041   -.0026113
   eta_x1_13 |    -.00253   .0005825    -4.34   0.000    -.0036717   -.0013883
   eta_x1_14 |  -.0109273   .0009077   -12.04   0.000    -.0127063   -.0091482
   eta_x1_15 |    .002773   .0004547     6.10   0.000     .0018818    .0036641
   eta_x1_16 |   .0007638    .000267     2.86   0.004     .0002404    .0012872
   eta_x1_17 |   .0006979   .0001728     4.04   0.000     .0003593    .0010366
    eta_x2_1 |   .0000466   .0001306     0.36   0.721    -.0002093    .0003025
    eta_x2_2 |  -.0099803   .0004603   -21.68   0.000    -.0108824   -.0090782
    eta_x2_3 |  -.0001607   .0000743    -2.16   0.030    -.0003063   -.0000152
    eta_x2_4 |   .0047262   .0004203    11.24   0.000     .0039024      .00555
    eta_x2_5 |   .0010436   .0001616     6.46   0.000     .0007267    .0013604
    eta_x2_6 |  -.0001201   .0001732    -0.69   0.488    -.0004596    .0002194
    eta_x2_7 |   .0014829   .0001653     8.97   0.000      .001159    .0018068
    eta_x2_8 |   .0018437   .0002301     8.01   0.000     .0013926    .0022948
    eta_x2_9 |   .0030105    .000303     9.93   0.000     .0024165    .0036044
   eta_x2_10 |    .001011   .0001361     7.43   0.000     .0007442    .0012778
   eta_x2_11 |   .0003851   .0001516     2.54   0.011      .000088    .0006822
   eta_x2_12 |  -.0006133    .000183    -3.35   0.001    -.0009719   -.0002546
   eta_x2_13 |  -.0001414   .0001699    -0.83   0.405    -.0004743    .0001915
   eta_x2_14 |  -.0042928    .000323   -13.29   0.000    -.0049258   -.0036599
   eta_x2_15 |    .001195   .0001219     9.80   0.000     .0009561     .001434
   eta_x2_16 |    .000188   .0000688     2.73   0.006      .000053    .0003229
   eta_x2_17 |    .000376   .0000541     6.95   0.000       .00027    .0004821
    eta_x3_1 |   .0011128   .0003359     3.31   0.001     .0004545    .0017712
    eta_x3_2 |  -.0009522   .0014041    -0.68   0.498    -.0037041    .0017997
    eta_x3_3 |   .0004103   .0002148     1.91   0.056    -.0000108    .0008314
    eta_x3_4 |  -.0011857   .0013247    -0.90   0.371     -.003782    .0014106
    eta_x3_5 |  -.0001968   .0004855    -0.41   0.685    -.0011484    .0007548
    eta_x3_6 |   .0009324   .0004574     2.04   0.042     .0000359    .0018288
    eta_x3_7 |  -.0010608   .0003697    -2.87   0.004    -.0017853   -.0003362
    eta_x3_8 |  -.0006773   .0003968    -1.71   0.088    -.0014551    .0001005
    eta_x3_9 |   .0015074   .0006152     2.45   0.014     .0003016    .0027131
   eta_x3_10 |  -.0003495    .000287    -1.22   0.223    -.0009119     .000213
   eta_x3_11 |   -.000407    .000471    -0.86   0.388    -.0013302    .0005162
   eta_x3_12 |   .0002349   .0005041     0.47   0.641    -.0007531    .0012228
   eta_x3_13 |   .0001487   .0004766     0.31   0.755    -.0007855    .0010829
   eta_x3_14 |   .0012488   .0005492     2.27   0.023     .0001724    .0023253
   eta_x3_15 |  -.0006532   .0002844    -2.30   0.022    -.0012105   -.0000958
   eta_x3_16 |   .0000623   .0001725     0.36   0.718    -.0002757    .0004003
   eta_x3_17 |  -.0001751   .0001275    -1.37   0.170     -.000425    .0000747
-------------+----------------------------------------------------------------
rho          |
      rho_x1 |  -.1249975   .0232386    -5.38   0.000    -.1705444   -.0794507
      rho_x2 |  -.0563341    .004936   -11.41   0.000    -.0660085   -.0466597
      rho_x3 |   .0095176   .0370906     0.26   0.797    -.0631786    .0822138
-------------+----------------------------------------------------------------
tau          |
        p1_1 |  -.0974181   .0548211    -1.78   0.076    -.2048655    .0100293
        p2_1 |   .3082594   .1471903     2.09   0.036     .0197718    .5967471
        p3_1 |   .0363678   .0342386     1.06   0.288    -.0307387    .1034743
        p4_1 |  -.0322751   .0581961    -0.55   0.579    -.1463374    .0817872
        p5_1 |  -.2937326   .1009088    -2.91   0.004    -.4915103    -.095955
        p6_1 |  -.0198241    .050913    -0.39   0.697    -.1196117    .0799634
        p7_1 |   .1769438    .091832     1.93   0.054    -.0030436    .3569312
        p8_1 |  -.0808515   .0538012    -1.50   0.133       -.1863     .024597
        p9_1 |   .0090659   .0744719     0.12   0.903    -.1368964    .1550282
       p10_1 |  -.0014487   .0437889    -0.03   0.974    -.0872734     .084376
       p11_1 |    .042314   .0315342     1.34   0.180    -.0194919      .10412
       p12_1 |   .0154834   .1236829     0.13   0.900    -.2269306    .2578974
       p13_1 |  -.0488678   .0198067    -2.47   0.014    -.0876883   -.0100474
       p14_1 |  -.0681967   .0792217    -0.86   0.389    -.2234684    .0870749
       p15_1 |  -.2271973   .0521416    -4.36   0.000     -.329393   -.1250016
       p16_1 |  -.0433276   .0573724    -0.76   0.450    -.1557755    .0691203
       p17_1 |   .0296456   .0226895     1.31   0.191     -.014825    .0741162
         M_1 |   .8277341   .0171939    48.14   0.000     .7940346    .8614336
        x1_1 |   .0780698   .0361934     2.16   0.031     .0071321    .1490076
        x2_1 |  -.0276456   .0088789    -3.11   0.002    -.0450479   -.0102432
        x3_1 |  -.1644561   .0267598    -6.15   0.000    -.2169044   -.1120078
      cons_1 |  -7.327483   1.262538    -5.80   0.000    -9.802011   -4.852954
        p1_2 |   .1715689   .1115161     1.54   0.124    -.0469987    .3901365
        p2_2 |  -1.149833   .2613462    -4.40   0.000    -1.662062   -.6376039
        p3_2 |    .177564   .0709899     2.50   0.012     .0384264    .3167017
        p4_2 |  -.2553267   .1091674    -2.34   0.019     -.469291   -.0413625
        p5_2 |  -.1216593    .194689    -0.62   0.532    -.5032426    .2599241
        p6_2 |  -.0927142   .1029457    -0.90   0.368     -.294484    .1090556
        p7_2 |  -.2609017   .1721748    -1.52   0.130    -.5983581    .0765546
        p8_2 |   -.023084   .1060727    -0.22   0.828    -.2309827    .1848147
        p9_2 |  -.2740869   .1466529    -1.87   0.062    -.5615213    .0133475
       p10_2 |   .0827272   .0903777     0.92   0.360    -.0944099    .2598642
       p11_2 |    .063373   .0658306     0.96   0.336    -.0656527    .1923987
       p12_2 |   -.290461   .2371636    -1.22   0.221    -.7552931     .174371
       p13_2 |  -.0028643   .0401192    -0.07   0.943    -.0814964    .0757679
       p14_2 |  -.2387732    .147497    -1.62   0.105    -.5278619    .0503156
       p15_2 |  -.1065836   .1079232    -0.99   0.323    -.3181091    .1049419
       p16_2 |   .1527517   .1170763     1.30   0.192    -.0767135     .382217
       p17_2 |  -.0783362   .0470682    -1.66   0.096    -.1705883    .0139159
         M_2 |   .5051279   .0223538    22.60   0.000     .4613152    .5489406
        x1_2 |  -.1196074   .0638723    -1.87   0.061    -.2447949      .00558
        x2_2 |   .0562998   .0203312     2.77   0.006     .0164514    .0961481
        x3_2 |  -.0692656   .0581319    -1.19   0.233     -.183202    .0446708
      cons_2 |   12.93428   2.282629     5.67   0.000     8.460413    17.40815
        p1_3 |  -.0305485   .0569549    -0.54   0.592     -.142178     .081081
        p2_3 |   .4948977   .1481822     3.34   0.001     .2044658    .7853295
        p3_3 |   .0124052   .0358746     0.35   0.729    -.0579077    .0827182
        p4_3 |  -.0476723   .0598304    -0.80   0.426    -.1649378    .0695931
        p5_3 |  -.1772633    .104957    -1.69   0.091    -.3829752    .0284486
        p6_3 |  -.0256763   .0523204    -0.49   0.624    -.1282224    .0768698
        p7_3 |   .1777083   .0943681     1.88   0.060    -.0072498    .3626663
        p8_3 |   -.103046   .0554007    -1.86   0.063    -.2116295    .0055375
        p9_3 |   .3979954    .075614     5.26   0.000     .2497947     .546196
       p10_3 |    .151702   .0460465     3.29   0.001     .0614525    .2419515
       p11_3 |    .021383   .0326064     0.66   0.512    -.0425243    .0852903
       p12_3 |   .0006694   .1257167     0.01   0.996    -.2457309    .2470696
       p13_3 |  -.0308958   .0207939    -1.49   0.137    -.0716511    .0098595
       p14_3 |   .1704832   .0811214     2.10   0.036     .0114881    .3294783
       p15_3 |  -.0612709   .0539118    -1.14   0.256     -.166936    .0443943
       p16_3 |    .017537   .0590029     0.30   0.766    -.0981067    .1331806
       p17_3 |   .0398712   .0232829     1.71   0.087    -.0057623    .0855048
         M_3 |   .5974722   .0184343    32.41   0.000     .5613416    .6336028
        x1_3 |   .1706041   .0357216     4.78   0.000      .100591    .2406172
        x2_3 |   .0462378   .0087684     5.27   0.000     .0290521    .0634235
        x3_3 |   -.027268   .0266724    -1.02   0.307     -.079545    .0250091
      cons_3 |  -15.18541   1.281865   -11.85   0.000    -17.69782     -12.673
        p1_4 |  -.1538696   .0785853    -1.96   0.050    -.3078939    .0001547
        p2_4 |  -.3573756   .2025843    -1.76   0.078    -.7544335    .0396824
        p3_4 |   .0154131   .0493199     0.31   0.755    -.0812521    .1120783
        p4_4 |  -.0507287   .0821625    -0.62   0.537    -.2117643    .1103068
        p5_4 |  -.1850435   .1417743    -1.31   0.192    -.4629161     .092829
        p6_4 |   .1652606   .0750206     2.20   0.028     .0182229    .3122982
        p7_4 |  -.1773632   .1285727    -1.38   0.168    -.4293611    .0746346
        p8_4 |  -.2345885   .0766197    -3.06   0.002    -.3847604   -.0844166
        p9_4 |  -.2968985    .104971    -2.83   0.005    -.5026379    -.091159
       p10_4 |  -.0090018   .0637053    -0.14   0.888    -.1338619    .1158583
       p11_4 |   .0399383   .0464776     0.86   0.390    -.0511561    .1310328
       p12_4 |   .1638615   .1778702     0.92   0.357    -.1847577    .5124807
       p13_4 |   .0073693   .0284934     0.26   0.796    -.0484768    .0632153
       p14_4 |  -.2034681   .1123451    -1.81   0.070    -.4236604    .0167243
       p15_4 |    -.01537   .0759224    -0.20   0.840    -.1641752    .1334351
       p16_4 |   .0142699   .0827144     0.17   0.863    -.1478474    .1763873
       p17_4 |   .0269002   .0335866     0.80   0.423    -.0389285    .0927288
         M_4 |   1.002818   .0225181    44.53   0.000      .958683    1.046952
        x1_4 |  -.1119144    .047203    -2.37   0.018    -.2044306   -.0193983
        x2_4 |  -.0634346    .013364    -4.75   0.000    -.0896275   -.0372417
        x3_4 |  -.0698523   .0411107    -1.70   0.089    -.1504278    .0107232
      cons_4 |  -1.192803   1.760684    -0.68   0.498     -4.64368    2.258073
        p1_5 |  -.0456534   .0655566    -0.70   0.486    -.1741419    .0828351
        p2_5 |  -.4087173   .1734722    -2.36   0.018    -.7487165    -.068718
        p3_5 |   .0628868   .0410426     1.53   0.125    -.0175552    .1433288
        p4_5 |  -.2402201   .0683256    -3.52   0.000    -.3741358   -.1063045
        p5_5 |  -.2176356   .1190563    -1.83   0.068    -.4509817    .0157105
        p6_5 |   .0485527   .0615258     0.79   0.430    -.0720358    .1691411
        p7_5 |   -.011331   .1081149    -0.10   0.917    -.2232323    .2005703
        p8_5 |  -.0296138   .0642489    -0.46   0.645    -.1555393    .0963116
        p9_5 |   .1545437   .0897004     1.72   0.085    -.0212658    .3303533
       p10_5 |  -.0037284   .0523061    -0.07   0.943    -.1062464    .0987896
       p11_5 |   .0853753   .0380315     2.24   0.025      .010835    .1599157
       p12_5 |  -.1535145   .1469604    -1.04   0.296    -.4415517    .1345226
       p13_5 |  -.0525974   .0234955    -2.24   0.025    -.0986478    -.006547
       p14_5 |  -.1393837   .0940121    -1.48   0.138    -.3236441    .0448767
       p15_5 |   .0398771   .0630991     0.63   0.527    -.0837949    .1635491
       p16_5 |   .0269279   .0683288     0.39   0.694    -.1069941    .1608499
       p17_5 |   .0330181   .0276925     1.19   0.233    -.0212582    .0872944
         M_5 |   .8370846   .0187828    44.57   0.000     .8002709    .8738982
        x1_5 |   .1786779   .0453064     3.94   0.000     .0898789    .2674769
        x2_5 |   .0138908    .011092     1.25   0.210    -.0078492    .0356307
        x3_5 |  -.0379632   .0335659    -1.13   0.258     -.103751    .0278247
      cons_5 |  -2.522688    1.47742    -1.71   0.088    -5.418378    .3730019
        p1_6 |  -.0903854   .0582434    -1.55   0.121    -.2045404    .0237696
        p2_6 |   .2765515   .1578231     1.75   0.080    -.0327761    .5858791
        p3_6 |  -.0022522   .0362677    -0.06   0.950    -.0733356    .0688312
        p4_6 |   .0227181   .0622986     0.36   0.715    -.0993848     .144821
        p5_6 |   -.123589   .1072655    -1.15   0.249    -.3338254    .0866474
        p6_6 |   .0840077   .0543285     1.55   0.122    -.0224742    .1904897
        p7_6 |  -.0268697   .0974676    -0.28   0.783    -.2179027    .1641633
        p8_6 |  -.0581129   .0569932    -1.02   0.308    -.1698176    .0535917
        p9_6 |   .1983889   .0791355     2.51   0.012     .0432862    .3534916
       p10_6 |   .0277313   .0460697     0.60   0.547    -.0625637    .1180262
       p11_6 |   .0178726   .0333211     0.54   0.592    -.0474356    .0831808
       p12_6 |   .0783163   .1320752     0.59   0.553    -.1805462    .3371789
       p13_6 |  -.0324722   .0209029    -1.55   0.120    -.0734412    .0084967
       p14_6 |    .207264   .0847175     2.45   0.014     .0412208    .3733072
       p15_6 |   -.028498   .0556274    -0.51   0.608    -.1375256    .0805297
       p16_6 |   .0834187   .0620113     1.35   0.179    -.0381213    .2049586
       p17_6 |  -.0048386   .0238933    -0.20   0.840    -.0516687    .0419915
         M_6 |   .8093725   .0174674    46.34   0.000      .775137    .8436081
        x1_6 |   .1680523   .0393918     4.27   0.000     .0908457    .2452589
        x2_6 |   -.005248   .0095198    -0.55   0.581    -.0239065    .0134105
        x3_6 |  -.1498653   .0288292    -5.20   0.000    -.2063695   -.0933611
      cons_6 |  -12.96404   1.364628    -9.50   0.000    -15.63866   -10.28942
        p1_7 |   .0854732   .0572332     1.49   0.135    -.0267018    .1976483
        p2_7 |   .1629862   .1552911     1.05   0.294    -.1413787    .4673511
        p3_7 |   -.008982   .0354062    -0.25   0.800    -.0783769     .060413
        p4_7 |  -.0311548   .0611671    -0.51   0.611    -.1510401    .0887305
        p5_7 |  -.0347224   .1055911    -0.33   0.742    -.2416771    .1722324
        p6_7 |  -.0475472   .0531709    -0.89   0.371    -.1517603    .0566659
        p7_7 |  -.0191014   .0951798    -0.20   0.841    -.2056505    .1674476
        p8_7 |  -.1517787   .0561117    -2.70   0.007    -.2617556   -.0418018
        p9_7 |   .1027832   .0777584     1.32   0.186    -.0496204    .2551868
       p10_7 |   .0393782    .045445     0.87   0.386    -.0496925    .1284488
       p11_7 |  -.0089045   .0325143    -0.27   0.784    -.0726315    .0548224
       p12_7 |  -.1818426   .1286222    -1.41   0.157    -.4339375    .0702522
       p13_7 |   .0275488   .0206504     1.33   0.182    -.0129252    .0680228
       p14_7 |   .0763133   .0824713     0.93   0.355    -.0853276    .2379541
       p15_7 |   .0219593   .0546205     0.40   0.688    -.0850949    .1290134
       p16_7 |   .1313008    .061193     2.15   0.032     .0113647     .251237
       p17_7 |  -.0033799   .0235452    -0.14   0.886    -.0495277    .0427679
         M_7 |   .8575119   .0177274    48.37   0.000     .8227668    .8922569
        x1_7 |   .0163972   .0370545     0.44   0.658    -.0562282    .0890227
        x2_7 |   -.064452   .0092136    -7.00   0.000    -.0825103   -.0463938
        x3_7 |   .0314103   .0286047     1.10   0.272     -.024654    .0874746
      cons_7 |  -9.890813   1.333717    -7.42   0.000    -12.50485   -7.276777
        p1_8 |  -.0444507   .0551196    -0.81   0.420    -.1524832    .0635818
        p2_8 |   .2442427   .1469318     1.66   0.096    -.0437383    .5322237
        p3_8 |  -.0154146   .0342279    -0.45   0.652    -.0825001    .0516709
        p4_8 |   .0027769   .0582837     0.05   0.962    -.1114571    .1170109
        p5_8 |   .0779099   .1017462     0.77   0.444     -.121509    .2773289
        p6_8 |   .0866073   .0513945     1.69   0.092    -.0141241    .1873387
        p7_8 |  -.0412667   .0916455    -0.45   0.653    -.2208887    .1383552
        p8_8 |   .1706555   .0540148     3.16   0.002     .0647885    .2765226
        p9_8 |  -.7360494   .0733804   -10.03   0.000    -.8798724   -.5922265
       p10_8 |  -.0149242   .0443388    -0.34   0.736    -.1018267    .0719782
       p11_8 |  -.0113051    .031552    -0.36   0.720    -.0731458    .0505356
       p12_8 |  -.0949046   .1226874    -0.77   0.439    -.3353676    .1455583
       p13_8 |   .0064411   .0200446     0.32   0.748    -.0328457    .0457278
       p14_8 |   .0425403   .0793443     0.54   0.592    -.1129717    .1980523
       p15_8 |   .1624236   .0525909     3.09   0.002     .0593473    .2654999
       p16_8 |  -.0041711    .058359    -0.07   0.943    -.1185526    .1102103
       p17_8 |    .038972   .0226424     1.72   0.085    -.0054063    .0833502
         M_8 |   .7070732   .0162747    43.45   0.000     .6751753     .738971
        x1_8 |  -.1043173    .034753    -3.00   0.003    -.1724319   -.0362028
        x2_8 |  -.1027356   .0087634   -11.72   0.000    -.1199115   -.0855597
        x3_8 |   .0163378   .0271424     0.60   0.547    -.0368604     .069536
      cons_8 |  -6.669038   1.264192    -5.28   0.000    -9.146809   -4.191267
        p1_9 |  -.1844351   .0761415    -2.42   0.015    -.3336697   -.0352005
        p2_9 |  -.2118343   .1967334    -1.08   0.282    -.5974247     .173756
        p3_9 |    .039926   .0481542     0.83   0.407    -.0544545    .1343065
        p4_9 |  -.2434391   .0779369    -3.12   0.002    -.3961927   -.0906855
        p5_9 |  -.0156975   .1376218    -0.11   0.909    -.2854312    .2540363
        p6_9 |   .1718849   .0729001     2.36   0.018     .0290034    .3147664
        p7_9 |   -.129118   .1239914    -1.04   0.298    -.3721367    .1139008
        p8_9 |   .1283426   .0745643     1.72   0.085    -.0178007    .2744859
        p9_9 |  -.3412532   .1013169    -3.37   0.001    -.5398308   -.1426756
       p10_9 |  -.0876822   .0619132    -1.42   0.157    -.2090299    .0336655
       p11_9 |  -.0007834   .0449679    -0.02   0.986    -.0889189    .0873521
       p12_9 |   .0237663   .1662669     0.14   0.886    -.3021109    .3496435
       p13_9 |  -.0076842    .027771    -0.28   0.782    -.0621144     .046746
       p14_9 |   -.186284   .1081704    -1.72   0.085    -.3982942    .0257261
       p15_9 |   .0513189   .0736698     0.70   0.486    -.0930713     .195709
       p16_9 |   -.055373   .0785955    -0.70   0.481    -.2094174    .0986714
       p17_9 |   .0180297   .0320397     0.56   0.574     -.044767    .0808265
         M_9 |   .8580926   .0203639    42.14   0.000     .8181801    .8980051
        x1_9 |   -.108692    .045544    -2.39   0.017    -.1979566   -.0194274
        x2_9 |  -.0835137   .0125845    -6.64   0.000    -.1081789   -.0588485
        x3_9 |  -.0654834   .0390815    -1.68   0.094    -.1420817    .0111149
      cons_9 |  -.8382191   1.688131    -0.50   0.620    -4.146895    2.470457
       p1_10 |   .0527544   .0539039     0.98   0.328    -.0528954    .1584042
       p2_10 |   .1966808   .1444381     1.36   0.173    -.0864126    .4797743
       p3_10 |   .0743287   .0334358     2.22   0.026     .0087958    .1398617
       p4_10 |   .0192764   .0570882     0.34   0.736    -.0926144    .1311673
       p5_10 |  -.0970552   .0990847    -0.98   0.327    -.2912576    .0971471
       p6_10 |   .0996468   .0501075     1.99   0.047     .0014379    .1978558
       p7_10 |   .0327419   .0899784     0.36   0.716    -.1436124    .2090963
       p8_10 |  -.0132437   .0527469    -0.25   0.802    -.1166258    .0901383
       p9_10 |   .1180499   .0725493     1.63   0.104     -.024144    .2602439
      p10_10 |   .0397291   .0427494     0.93   0.353    -.0440582    .1235164
      p11_10 |   .0245199   .0306664     0.80   0.424    -.0355852     .084625
      p12_10 |  -.1798965   .1202999    -1.50   0.135      -.41568    .0558871
      p13_10 |  -.0085197   .0195181    -0.44   0.662    -.0467745    .0297351
      p14_10 |    .109093   .0777805     1.40   0.161    -.0433539      .26154
      p15_10 |  -.0296936   .0511201    -0.58   0.561    -.1298872       .0705
      p16_10 |  -.0747326   .0565226    -1.32   0.186    -.1855147    .0360496
      p17_10 |  -.0257577   .0220695    -1.17   0.243    -.0690131    .0174978
        M_10 |   .8592544   .0174893    49.13   0.000     .8249759    .8935329
       x1_10 |  -.1019776   .0349024    -2.92   0.003     -.170385   -.0335702
       x2_10 |  -.0699037   .0085661    -8.16   0.000    -.0866929   -.0531144
       x3_10 |   .0046738   .0261063     0.18   0.858    -.0464937    .0558412
     cons_10 |  -11.83918   1.241188    -9.54   0.000    -14.27187   -9.406499
       p1_11 |   .0959531   .0539179     1.78   0.075     -.009724    .2016302
       p2_11 |   .2623718   .1458338     1.80   0.072    -.0234573    .5482009
       p3_11 |   .0806438   .0334126     2.41   0.016     .0151564    .1461313
       p4_11 |   .1609097   .0577107     2.79   0.005     .0477988    .2740206
       p5_11 |  -.0724907   .1000713    -0.72   0.469     -.268627    .1236455
       p6_11 |   .0633598    .049814     1.27   0.203    -.0342738    .1609934
       p7_11 |   .1069572   .0898759     1.19   0.234    -.0691964    .2831107
       p8_11 |   .3517297   .0529196     6.65   0.000     .2480091    .4554502
       p9_11 |   .2699242   .0732668     3.68   0.000     .1263239    .4135245
      p10_11 |   .2125523   .0427336     4.97   0.000     .1287961    .2963086
      p11_11 |  -.1004852   .0304875    -3.30   0.001    -.1602397   -.0407308
      p12_11 |    .073253   .1209057     0.61   0.545     -.163718    .3102239
      p13_11 |   .0030847    .019291     0.16   0.873    -.0347249    .0408943
      p14_11 |   .1115531   .0775041     1.44   0.150    -.0403521    .2634583
      p15_11 |   .0664766   .0511339     1.30   0.194    -.0337439    .1666971
      p16_11 |  -.0141119   .0563288    -0.25   0.802    -.1245144    .0962905
      p17_11 |  -.0367844   .0220683    -1.67   0.096    -.0800375    .0064688
        M_11 |   .6542562   .0160911    40.66   0.000     .6227182    .6857942
       x1_11 |   .1251273   .0353923     3.54   0.000     .0557597    .1944949
       x2_11 |   .0545348   .0086172     6.33   0.000     .0376455    .0714242
       x3_11 |  -.0346463   .0261913    -1.32   0.186    -.0859803    .0166878
     cons_11 |  -19.13148   1.261925   -15.16   0.000     -21.6048   -16.65815
       p1_12 |   .1477212   .0589496     2.51   0.012     .0321821    .2632602
       p2_12 |   .3696419   .1625977     2.27   0.023     .0509562    .6883275
       p3_12 |   .0578009   .0365019     1.58   0.113    -.0137415    .1293432
       p4_12 |  -.0460955   .0635152    -0.73   0.468    -.1705831    .0783921
       p5_12 |  -.1078802   .1077371    -1.00   0.317    -.3190411    .1032807
       p6_12 |   .0386403   .0549883     0.70   0.482    -.0691348    .1464153
       p7_12 |  -.1161515   .0971195    -1.20   0.232    -.3065023    .0741992
       p8_12 |  -.0356308   .0577202    -0.62   0.537    -.1487604    .0774988
       p9_12 |   .3446434   .0809732     4.26   0.000     .1859387     .503348
      p10_12 |    .265509   .0462777     5.74   0.000     .1748064    .3562117
      p11_12 |    .101558    .033526     3.03   0.002     .0358483    .1672676
      p12_12 |  -.2425888   .1334373    -1.82   0.069    -.5041211    .0189436
      p13_12 |  -.0342969    .020989    -1.63   0.102    -.0754345    .0068407
      p14_12 |   .1605816   .0855867     1.88   0.061    -.0071652    .3283284
      p15_12 |   .0150575   .0562746     0.27   0.789    -.0952387    .1253537
      p16_12 |   .1378858   .0635487     2.17   0.030     .0133327     .262439
      p17_12 |   -.026761   .0240188    -1.11   0.265    -.0738371     .020315
        M_12 |    .682807   .0166111    41.11   0.000     .6502499    .7153641
       x1_12 |   .2284248   .0409919     5.57   0.000     .1480822    .3087674
       x2_12 |   .0671352   .0097325     6.90   0.000     .0480599    .0862105
       x3_12 |  -.0445651   .0295067    -1.51   0.131    -.1023972     .013267
     cons_12 |  -14.16734   1.390784   -10.19   0.000    -16.89323   -11.44145
       p1_13 |  -.0261312   .0531392    -0.49   0.623    -.1302822    .0780198
       p2_13 |   .0293484   .1425199     0.21   0.837    -.2499855    .3086823
       p3_13 |     .01805   .0330545     0.55   0.585    -.0467357    .0828357
       p4_13 |  -.1543829   .0562772    -2.74   0.006    -.2646843   -.0440816
       p5_13 |  -.0975735   .0974303    -1.00   0.317    -.2885334    .0933863
       p6_13 |   .1870571   .0495131     3.78   0.000     .0900133    .2841009
       p7_13 |   .2539559   .0892867     2.84   0.004     .0789571    .4289546
       p8_13 |   .2448217   .0521654     4.69   0.000     .1425793    .3470641
       p9_13 |   .4141698   .0722817     5.73   0.000     .2725004    .5558393
      p10_13 |    .075608   .0422908     1.79   0.074    -.0072804    .1584964
      p11_13 |   .0172308   .0301132     0.57   0.567      -.04179    .0762517
      p12_13 |   .1478515   .1198078     1.23   0.217    -.0869674    .3826704
      p13_13 |   .0902667   .0191358     4.72   0.000     .0527612    .1277723
      p14_13 |    .176142    .076661     2.30   0.022     .0258892    .3263948
      p15_13 |  -.1889943    .050499    -3.74   0.000    -.2879706    -.090018
      p16_13 |  -.0166335   .0555762    -0.30   0.765    -.1255607    .0922938
      p17_13 |   .0046732   .0217507     0.21   0.830    -.0379574    .0473038
        M_13 |   .6947329   .0159604    43.53   0.000     .6634512    .7260147
       x1_13 |   .0504342   .0344823     1.46   0.144    -.0171498    .1180182
       x2_13 |   -.066831   .0083817    -7.97   0.000    -.0832587   -.0504032
       x3_13 |   .0143542   .0258546     0.56   0.579      -.03632    .0650284
     cons_13 |  -15.59519   1.235146   -12.63   0.000    -18.01603   -13.17435
       p1_14 |   .0577152   .0685795     0.84   0.400    -.0766981    .1921284
       p2_14 |   -.005915   .1780477    -0.03   0.973    -.3548822    .3430521
       p3_14 |   .0058637   .0422774     0.14   0.890    -.0769985    .0887259
       p4_14 |  -.0873078   .0708075    -1.23   0.218     -.226088    .0514724
       p5_14 |  -.2607196   .1243704    -2.10   0.036    -.5044812   -.0169581
       p6_14 |  -.0083653   .0630485    -0.13   0.894     -.131938    .1152075
       p7_14 |   .0255581   .1124755     0.23   0.820    -.1948898     .246006
       p8_14 |   .1390022   .0659578     2.11   0.035     .0097273    .2682772
       p9_14 |  -.0325347   .0916486    -0.35   0.723    -.2121626    .1470932
      p10_14 |  -.0601737   .0546359    -1.10   0.271    -.1672581    .0469106
      p11_14 |  -.1705127   .0391102    -4.36   0.000    -.2471672   -.0938582
      p12_14 |   .0863562    .153817     0.56   0.575    -.2151197     .387832
      p13_14 |   .1013379   .0248071     4.09   0.000     .0527169    .1499589
      p14_14 |   .1902907    .096817     1.97   0.049      .000533    .3800485
      p15_14 |  -.0371954   .0653646    -0.57   0.569    -.1653077    .0909168
      p16_14 |  -.0775761   .0696523    -1.11   0.265    -.2140921    .0589399
      p17_14 |  -.0498019   .0280035    -1.78   0.075    -.1046878     .005084
        M_14 |    .589861   .0171916    34.31   0.000      .556166     .623556
       x1_14 |   .2524347   .0491064     5.14   0.000     .1561879    .3486815
       x2_14 |   .1812018   .0124778    14.52   0.000     .1567457    .2056579
       x3_14 |  -.0061045   .0353566    -0.17   0.863    -.0754022    .0631931
     cons_14 |  -3.663569    1.56079    -2.35   0.019    -6.722661   -.6044774
       p1_15 |  -.2366591   .0547298    -4.32   0.000    -.3439275   -.1293907
       p2_15 |  -.3403564   .1461548    -2.33   0.020    -.6268145   -.0538983
       p3_15 |   .0291283   .0341476     0.85   0.394    -.0377999    .0960564
       p4_15 |  -.0728745   .0578339    -1.26   0.208    -.1862269    .0404779
       p5_15 |  -.1933891   .1004417    -1.93   0.054    -.3902511    .0034729
       p6_15 |  -.1002492   .0506621    -1.98   0.048    -.1995451   -.0009532
       p7_15 |   .0067044   .0914939     0.07   0.942    -.1726204    .1860292
       p8_15 |  -.1156874   .0536986    -2.15   0.031    -.2209347     -.01044
       p9_15 |   .0365545   .0742102     0.49   0.622    -.1088949    .1820039
      p10_15 |   .0461749   .0439626     1.05   0.294    -.0399902      .13234
      p11_15 |   .0002578   .0315424     0.01   0.993    -.0615643    .0620798
      p12_15 |   .0546106   .1237429     0.44   0.659    -.1879211    .2971423
      p13_15 |  -.0741033   .0198166    -3.74   0.000    -.1129431   -.0352636
      p14_15 |   .0279311   .0791814     0.35   0.724    -.1272616    .1831238
      p15_15 |   .0388892   .0519725     0.75   0.454     -.062975    .1407534
      p16_15 |   .0813643   .0574874     1.42   0.157    -.0313091    .1940376
      p17_15 |  -.0176002    .022418    -0.79   0.432    -.0615387    .0263382
        M_15 |   .7981479   .0169938    46.97   0.000     .7648407    .8314551
       x1_15 |  -.1726468   .0353645    -4.88   0.000    -.2419601   -.1033336
       x2_15 |  -.0355795   .0088567    -4.02   0.000    -.0529383   -.0182208
       x3_15 |  -.0364915   .0267867    -1.36   0.173    -.0889924    .0160094
     cons_15 |  -3.089761    1.25297    -2.47   0.014    -5.545537   -.6339853
       p1_16 |  -.0917969   .0540658    -1.70   0.090    -.1977638    .0141701
       p2_16 |  -.5800357   .1464699    -3.96   0.000    -.8671114   -.2929599
       p3_16 |  -.0153918   .0336873    -0.46   0.648    -.0814177    .0506341
       p4_16 |  -.1277546    .057785    -2.21   0.027    -.2410111   -.0144981
       p5_16 |  -.4382442   .1008369    -4.35   0.000     -.635881   -.2406075
       p6_16 |   .0077728   .0498086     0.16   0.876    -.0898502    .1053958
       p7_16 |   .2206874    .090151     2.45   0.014     .0439947    .3973802
       p8_16 |  -.0205409   .0528846    -0.39   0.698    -.1241928    .0831111
       p9_16 |  -.0023409   .0726771    -0.03   0.974    -.1447854    .1401036
      p10_16 |   .0704311   .0431863     1.63   0.103    -.0142125    .1550748
      p11_16 |   .0744861   .0306469     2.43   0.015     .0144194    .1345529
      p12_16 |   .0209553   .1203771     0.17   0.862    -.2149794      .25689
      p13_16 |  -.0956319   .0197387    -4.84   0.000    -.1343191   -.0569448
      p14_16 |   .0385538   .0780091     0.49   0.621    -.1143412    .1914489
      p15_16 |  -.3016097   .0513977    -5.87   0.000    -.4023473    -.200872
      p16_16 |   .0281407   .0568055     0.50   0.620    -.0831961    .1394774
      p17_16 |  -.0110536     .02194    -0.50   0.614    -.0540552     .031948
        M_16 |   .5718882   .0171697    33.31   0.000     .5382362    .6055403
       x1_16 |  -.1714743    .037139    -4.62   0.000    -.2442654   -.0986832
       x2_16 |   -.028373   .0084281    -3.37   0.001    -.0448917   -.0118542
       x3_16 |  -.0630207   .0256453    -2.46   0.014    -.1132846   -.0127568
     cons_16 |   1.695708   1.247577     1.36   0.174    -.7494976    4.140913
       p1_17 |   .0684246   .0794817     0.86   0.389    -.0873567    .2242058
       p2_17 |   -.018715   .2042915    -0.09   0.927    -.4191189    .3816889
       p3_17 |    .048674   .0502186     0.97   0.332    -.0497526    .1471006
       p4_17 |   .0133008   .0830874     0.16   0.873    -.1495474    .1761491
       p5_17 |   .2557018   .1451966     1.76   0.078    -.0288783     .540282
       p6_17 |   -.100851   .0732844    -1.38   0.169    -.2444858    .0427838
       p7_17 |   .0253197   .1331927     0.19   0.849    -.2357332    .2863726
       p8_17 |  -.0110718   .0765962    -0.14   0.885    -.1611976     .139054
       p9_17 |   .0068583   .1056849     0.06   0.948    -.2002802    .2139969
      p10_17 |   .1740824   .0639487     2.72   0.006     .0487452    .2994196
      p11_17 |   .0799557   .0461883     1.73   0.083    -.0105717    .1704831
      p12_17 |  -.2884549   .1793385    -1.61   0.108     -.639952    .0630421
      p13_17 |  -.0661743   .0298115    -2.22   0.026    -.1246038   -.0077447
      p14_17 |  -.0568205   .1123872    -0.51   0.613    -.2770953    .1634544
      p15_17 |  -.0842411    .075284    -1.12   0.263    -.2317952    .0633129
      p16_17 |  -.0923655   .0832782    -1.11   0.267    -.2555878    .0708568
      p17_17 |  -.0137361   .0327937    -0.42   0.675    -.0780106    .0505383
        M_17 |   .6183543    .028189    21.94   0.000     .5631048    .6736037
       x1_17 |  -.2670941   .0637894    -4.19   0.000     -.392119   -.1420693
       x2_17 |  -.1045083   .0127207    -8.22   0.000    -.1294403   -.0795763
       x3_17 |   .0529039   .0359534     1.47   0.141    -.0175635    .1233713
     cons_17 |  -8.697682   1.778381    -4.89   0.000    -12.18324    -5.21212
------------------------------------------------------------------------------

. 
. 
. log close
      name:  <unnamed>
       log:  C:\Users\grace.meloguerrero\OneDrive - Texas A&M AgriLife\Documents\GitHub\quaidsce\log\censor.log
  log type:  text
 closed on:   9 Nov 2021, 17:26:04
----------------------------------------------------------------------------------------------------------------------------------------------------
